<?xml version="1.0" encoding="UTF-8"?>
<!-- Generated by org.testng.reporters.JUnitXMLReporter -->
<testsuite ignored="0" hostname="Saroshs-Mac147---13-inch-2022-M2-16GB.local" failures="0" tests="3" name="Login and Dropdown Tests" time="24.536" errors="0" timestamp="2025-05-04T17:23:33 GMT+08:00">
  <testcase classname="com.selenium.framework.tests.LoginTest" name="testInvalidLogin" time="0.877"/>
  <testcase classname="com.selenium.framework.tests.LoginTest" name="testSuccessfulLogin" time="0.756"/>
  <testcase classname="com.selenium.framework.tests.DropdownTest" name="testInvalidDropdownOption" time="0.342"/>
</testsuite> <!-- Login and Dropdown Tests -->
