2025-05-03 13:03:25.067 [TestNG-tests-1] INFO  c.s.framework.utils.LoggerUtil - Starting test: LoginTest
2025-05-03 13:03:25.068 [TestNG-tests-1] INFO  c.s.framework.utils.LoggerUtil - Browser: chrome
2025-05-03 13:03:25.068 [TestNG-tests-1] INFO  c.s.framework.utils.LoggerUtil - URL: https://example.com
2025-05-03 13:03:25.068 [TestNG-tests-1] INFO  c.s.framework.utils.LoggerUtil - Test setup completed for: LoginTest
2025-05-03 13:03:25.070 [TestNG-tests-1] INFO  c.s.framework.utils.LoggerUtil - Starting invalid login test
2025-05-03 13:03:35.103 [TestNG-tests-1] ERROR c.s.framework.utils.LoggerUtil - FAIL: Test failed with exception
org.openqa.selenium.NoSuchElementException: no such element: Unable to locate element: {"method":"css selector","selector":"#login\-button"}
  (Session info: chrome=135.0.7049.116)
For documentation on this error, please visit: https://www.selenium.dev/documentation/webdriver/troubleshooting/errors#no-such-element-exception
Build info: version: '4.15.0', revision: '1d14b5521b'
System info: os.name: 'Mac OS X', os.arch: 'aarch64', os.version: '14.2.1', java.version: '23.0.2'
Driver info: org.openqa.selenium.chrome.ChromeDriver
Command: [4e68167f77a4169a160e105717ac8ea5, findElement {using=id, value=login-button}]
Capabilities {acceptInsecureCerts: false, browserName: chrome, browserVersion: 135.0.7049.116, chrome: {chromedriverVersion: 135.0.7049.114 (63fd8a7d9d0..., userDataDir: /var/folders/1w/hfkjg5tn5s5...}, fedcm:accounts: true, goog:chromeOptions: {debuggerAddress: localhost:52570}, networkConnectionEnabled: false, pageLoadStrategy: normal, platformName: mac, proxy: Proxy(), se:cdp: ws://localhost:52570/devtoo..., se:cdpVersion: 135.0.7049.116, setWindowRect: true, strictFileInteractability: false, timeouts: {implicit: 0, pageLoad: 300000, script: 30000}, unhandledPromptBehavior: dismiss and notify, webauthn:extension:credBlob: true, webauthn:extension:largeBlob: true, webauthn:extension:minPinLength: true, webauthn:extension:prf: true, webauthn:virtualAuthenticators: true}
Session ID: 4e68167f77a4169a160e105717ac8ea5
	at java.base/jdk.internal.reflect.DirectConstructorHandleAccessor.newInstance(DirectConstructorHandleAccessor.java:62)
	at java.base/java.lang.reflect.Constructor.newInstanceWithCaller(Constructor.java:501)
	at java.base/java.lang.reflect.Constructor.newInstance(Constructor.java:485)
	at org.openqa.selenium.remote.codec.w3c.W3CHttpResponseCodec.createException(W3CHttpResponseCodec.java:200)
	at org.openqa.selenium.remote.codec.w3c.W3CHttpResponseCodec.decode(W3CHttpResponseCodec.java:133)
	at org.openqa.selenium.remote.codec.w3c.W3CHttpResponseCodec.decode(W3CHttpResponseCodec.java:52)
	at org.openqa.selenium.remote.HttpCommandExecutor.execute(HttpCommandExecutor.java:191)
	at org.openqa.selenium.remote.service.DriverCommandExecutor.invokeExecute(DriverCommandExecutor.java:200)
	at org.openqa.selenium.remote.service.DriverCommandExecutor.execute(DriverCommandExecutor.java:175)
	at org.openqa.selenium.remote.RemoteWebDriver.execute(RemoteWebDriver.java:607)
	at org.openqa.selenium.remote.ElementLocation$ElementFinder$2.findElement(ElementLocation.java:165)
	at org.openqa.selenium.remote.ElementLocation.findElement(ElementLocation.java:66)
	at org.openqa.selenium.remote.RemoteWebDriver.findElement(RemoteWebDriver.java:364)
	at org.openqa.selenium.remote.RemoteWebDriver.findElement(RemoteWebDriver.java:358)
	at com.selenium.framework.tests.LoginTest.testInvalidLogin(LoginTest.java:48)
	at java.base/jdk.internal.reflect.DirectMethodHandleAccessor.invoke(DirectMethodHandleAccessor.java:103)
	at java.base/java.lang.reflect.Method.invoke(Method.java:580)
	at org.testng.internal.invokers.MethodInvocationHelper.invokeMethod(MethodInvocationHelper.java:139)
	at org.testng.internal.invokers.TestInvoker.invokeMethod(TestInvoker.java:664)
	at org.testng.internal.invokers.TestInvoker.invokeTestMethod(TestInvoker.java:227)
	at org.testng.internal.invokers.MethodRunner.runInSequence(MethodRunner.java:50)
	at org.testng.internal.invokers.TestInvoker$MethodInvocationAgent.invoke(TestInvoker.java:957)
	at org.testng.internal.invokers.TestInvoker.invokeTestMethods(TestInvoker.java:200)
	at org.testng.internal.invokers.TestMethodWorker.invokeTestMethods(TestMethodWorker.java:148)
	at org.testng.internal.invokers.TestMethodWorker.run(TestMethodWorker.java:128)
	at java.base/java.util.ArrayList.forEach(ArrayList.java:1597)
	at org.testng.TestRunner.privateRun(TestRunner.java:848)
	at org.testng.TestRunner.run(TestRunner.java:621)
	at org.testng.SuiteRunner.runTest(SuiteRunner.java:443)
	at org.testng.SuiteRunner$SuiteWorker.run(SuiteRunner.java:481)
	at org.testng.internal.thread.ThreadUtil.lambda$execute$0(ThreadUtil.java:58)
	at java.base/java.util.concurrent.FutureTask.run(FutureTask.java:317)
	at java.base/java.util.concurrent.ThreadPoolExecutor.runWorker(ThreadPoolExecutor.java:1144)
	at java.base/java.util.concurrent.ThreadPoolExecutor$Worker.run(ThreadPoolExecutor.java:642)
	at java.base/java.lang.Thread.run(Thread.java:1575)
2025-05-03 13:03:35.110 [TestNG-tests-1] ERROR c.s.framework.utils.LoggerUtil - FAIL: Test failed: no such element: Unable to locate element: {"method":"css selector","selector":"#login\-button"}
  (Session info: chrome=135.0.7049.116)
For documentation on this error, please visit: https://www.selenium.dev/documentation/webdriver/troubleshooting/errors#no-such-element-exception
Build info: version: '4.15.0', revision: '1d14b5521b'
System info: os.name: 'Mac OS X', os.arch: 'aarch64', os.version: '14.2.1', java.version: '23.0.2'
Driver info: org.openqa.selenium.chrome.ChromeDriver
Command: [4e68167f77a4169a160e105717ac8ea5, findElement {using=id, value=login-button}]
Capabilities {acceptInsecureCerts: false, browserName: chrome, browserVersion: 135.0.7049.116, chrome: {chromedriverVersion: 135.0.7049.114 (63fd8a7d9d0..., userDataDir: /var/folders/1w/hfkjg5tn5s5...}, fedcm:accounts: true, goog:chromeOptions: {debuggerAddress: localhost:52570}, networkConnectionEnabled: false, pageLoadStrategy: normal, platformName: mac, proxy: Proxy(), se:cdp: ws://localhost:52570/devtoo..., se:cdpVersion: 135.0.7049.116, setWindowRect: true, strictFileInteractability: false, timeouts: {implicit: 0, pageLoad: 300000, script: 30000}, unhandledPromptBehavior: dismiss and notify, webauthn:extension:credBlob: true, webauthn:extension:largeBlob: true, webauthn:extension:minPinLength: true, webauthn:extension:prf: true, webauthn:virtualAuthenticators: true}
Session ID: 4e68167f77a4169a160e105717ac8ea5
org.openqa.selenium.NoSuchElementException: no such element: Unable to locate element: {"method":"css selector","selector":"#login\-button"}
  (Session info: chrome=135.0.7049.116)
For documentation on this error, please visit: https://www.selenium.dev/documentation/webdriver/troubleshooting/errors#no-such-element-exception
Build info: version: '4.15.0', revision: '1d14b5521b'
System info: os.name: 'Mac OS X', os.arch: 'aarch64', os.version: '14.2.1', java.version: '23.0.2'
Driver info: org.openqa.selenium.chrome.ChromeDriver
Command: [4e68167f77a4169a160e105717ac8ea5, findElement {using=id, value=login-button}]
Capabilities {acceptInsecureCerts: false, browserName: chrome, browserVersion: 135.0.7049.116, chrome: {chromedriverVersion: 135.0.7049.114 (63fd8a7d9d0..., userDataDir: /var/folders/1w/hfkjg5tn5s5...}, fedcm:accounts: true, goog:chromeOptions: {debuggerAddress: localhost:52570}, networkConnectionEnabled: false, pageLoadStrategy: normal, platformName: mac, proxy: Proxy(), se:cdp: ws://localhost:52570/devtoo..., se:cdpVersion: 135.0.7049.116, setWindowRect: true, strictFileInteractability: false, timeouts: {implicit: 0, pageLoad: 300000, script: 30000}, unhandledPromptBehavior: dismiss and notify, webauthn:extension:credBlob: true, webauthn:extension:largeBlob: true, webauthn:extension:minPinLength: true, webauthn:extension:prf: true, webauthn:virtualAuthenticators: true}
Session ID: 4e68167f77a4169a160e105717ac8ea5
	at java.base/jdk.internal.reflect.DirectConstructorHandleAccessor.newInstance(DirectConstructorHandleAccessor.java:62)
	at java.base/java.lang.reflect.Constructor.newInstanceWithCaller(Constructor.java:501)
	at java.base/java.lang.reflect.Constructor.newInstance(Constructor.java:485)
	at org.openqa.selenium.remote.codec.w3c.W3CHttpResponseCodec.createException(W3CHttpResponseCodec.java:200)
	at org.openqa.selenium.remote.codec.w3c.W3CHttpResponseCodec.decode(W3CHttpResponseCodec.java:133)
	at org.openqa.selenium.remote.codec.w3c.W3CHttpResponseCodec.decode(W3CHttpResponseCodec.java:52)
	at org.openqa.selenium.remote.HttpCommandExecutor.execute(HttpCommandExecutor.java:191)
	at org.openqa.selenium.remote.service.DriverCommandExecutor.invokeExecute(DriverCommandExecutor.java:200)
	at org.openqa.selenium.remote.service.DriverCommandExecutor.execute(DriverCommandExecutor.java:175)
	at org.openqa.selenium.remote.RemoteWebDriver.execute(RemoteWebDriver.java:607)
	at org.openqa.selenium.remote.ElementLocation$ElementFinder$2.findElement(ElementLocation.java:165)
	at org.openqa.selenium.remote.ElementLocation.findElement(ElementLocation.java:66)
	at org.openqa.selenium.remote.RemoteWebDriver.findElement(RemoteWebDriver.java:364)
	at org.openqa.selenium.remote.RemoteWebDriver.findElement(RemoteWebDriver.java:358)
	at com.selenium.framework.tests.LoginTest.testInvalidLogin(LoginTest.java:48)
	at java.base/jdk.internal.reflect.DirectMethodHandleAccessor.invoke(DirectMethodHandleAccessor.java:103)
	at java.base/java.lang.reflect.Method.invoke(Method.java:580)
	at org.testng.internal.invokers.MethodInvocationHelper.invokeMethod(MethodInvocationHelper.java:139)
	at org.testng.internal.invokers.TestInvoker.invokeMethod(TestInvoker.java:664)
	at org.testng.internal.invokers.TestInvoker.invokeTestMethod(TestInvoker.java:227)
	at org.testng.internal.invokers.MethodRunner.runInSequence(MethodRunner.java:50)
	at org.testng.internal.invokers.TestInvoker$MethodInvocationAgent.invoke(TestInvoker.java:957)
	at org.testng.internal.invokers.TestInvoker.invokeTestMethods(TestInvoker.java:200)
	at org.testng.internal.invokers.TestMethodWorker.invokeTestMethods(TestMethodWorker.java:148)
	at org.testng.internal.invokers.TestMethodWorker.run(TestMethodWorker.java:128)
	at java.base/java.util.ArrayList.forEach(ArrayList.java:1597)
	at org.testng.TestRunner.privateRun(TestRunner.java:848)
	at org.testng.TestRunner.run(TestRunner.java:621)
	at org.testng.SuiteRunner.runTest(SuiteRunner.java:443)
	at org.testng.SuiteRunner$SuiteWorker.run(SuiteRunner.java:481)
	at org.testng.internal.thread.ThreadUtil.lambda$execute$0(ThreadUtil.java:58)
	at java.base/java.util.concurrent.FutureTask.run(FutureTask.java:317)
	at java.base/java.util.concurrent.ThreadPoolExecutor.runWorker(ThreadPoolExecutor.java:1144)
	at java.base/java.util.concurrent.ThreadPoolExecutor$Worker.run(ThreadPoolExecutor.java:642)
	at java.base/java.lang.Thread.run(Thread.java:1575)
2025-05-03 13:03:35.390 [TestNG-tests-1] INFO  c.s.framework.utils.LoggerUtil - Screenshot captured: Failure Screenshot
2025-05-03 13:03:35.494 [TestNG-tests-1] INFO  c.s.framework.utils.LoggerUtil - Test completed
2025-05-03 13:03:35.580 [TestNG-tests-1] INFO  c.s.framework.utils.LoggerUtil - Test teardown completed
2025-05-03 13:03:36.994 [TestNG-tests-1] INFO  c.s.framework.utils.LoggerUtil - Starting test: LoginTest
2025-05-03 13:03:36.994 [TestNG-tests-1] INFO  c.s.framework.utils.LoggerUtil - Browser: chrome
2025-05-03 13:03:36.995 [TestNG-tests-1] INFO  c.s.framework.utils.LoggerUtil - URL: https://example.com
2025-05-03 13:03:36.995 [TestNG-tests-1] INFO  c.s.framework.utils.LoggerUtil - Test setup completed for: LoginTest
2025-05-03 13:03:36.997 [TestNG-tests-1] INFO  c.s.framework.utils.LoggerUtil - Starting successful login test
2025-05-03 13:03:47.051 [TestNG-tests-1] ERROR c.s.framework.utils.LoggerUtil - FAIL: Test failed with exception
org.openqa.selenium.NoSuchElementException: no such element: Unable to locate element: {"method":"css selector","selector":"#login\-button"}
  (Session info: chrome=135.0.7049.116)
For documentation on this error, please visit: https://www.selenium.dev/documentation/webdriver/troubleshooting/errors#no-such-element-exception
Build info: version: '4.15.0', revision: '1d14b5521b'
System info: os.name: 'Mac OS X', os.arch: 'aarch64', os.version: '14.2.1', java.version: '23.0.2'
Driver info: org.openqa.selenium.chrome.ChromeDriver
Command: [5a5339a514113135afb68616b41e638d, findElement {using=id, value=login-button}]
Capabilities {acceptInsecureCerts: false, browserName: chrome, browserVersion: 135.0.7049.116, chrome: {chromedriverVersion: 135.0.7049.114 (63fd8a7d9d0..., userDataDir: /var/folders/1w/hfkjg5tn5s5...}, fedcm:accounts: true, goog:chromeOptions: {debuggerAddress: localhost:52607}, networkConnectionEnabled: false, pageLoadStrategy: normal, platformName: mac, proxy: Proxy(), se:cdp: ws://localhost:52607/devtoo..., se:cdpVersion: 135.0.7049.116, setWindowRect: true, strictFileInteractability: false, timeouts: {implicit: 0, pageLoad: 300000, script: 30000}, unhandledPromptBehavior: dismiss and notify, webauthn:extension:credBlob: true, webauthn:extension:largeBlob: true, webauthn:extension:minPinLength: true, webauthn:extension:prf: true, webauthn:virtualAuthenticators: true}
Session ID: 5a5339a514113135afb68616b41e638d
	at java.base/jdk.internal.reflect.DirectConstructorHandleAccessor.newInstance(DirectConstructorHandleAccessor.java:62)
	at java.base/java.lang.reflect.Constructor.newInstanceWithCaller(Constructor.java:501)
	at java.base/java.lang.reflect.Constructor.newInstance(Constructor.java:485)
	at org.openqa.selenium.remote.codec.w3c.W3CHttpResponseCodec.createException(W3CHttpResponseCodec.java:200)
	at org.openqa.selenium.remote.codec.w3c.W3CHttpResponseCodec.decode(W3CHttpResponseCodec.java:133)
	at org.openqa.selenium.remote.codec.w3c.W3CHttpResponseCodec.decode(W3CHttpResponseCodec.java:52)
	at org.openqa.selenium.remote.HttpCommandExecutor.execute(HttpCommandExecutor.java:191)
	at org.openqa.selenium.remote.service.DriverCommandExecutor.invokeExecute(DriverCommandExecutor.java:200)
	at org.openqa.selenium.remote.service.DriverCommandExecutor.execute(DriverCommandExecutor.java:175)
	at org.openqa.selenium.remote.RemoteWebDriver.execute(RemoteWebDriver.java:607)
	at org.openqa.selenium.remote.ElementLocation$ElementFinder$2.findElement(ElementLocation.java:165)
	at org.openqa.selenium.remote.ElementLocation.findElement(ElementLocation.java:66)
	at org.openqa.selenium.remote.RemoteWebDriver.findElement(RemoteWebDriver.java:364)
	at org.openqa.selenium.remote.RemoteWebDriver.findElement(RemoteWebDriver.java:358)
	at com.selenium.framework.tests.LoginTest.testSuccessfulLogin(LoginTest.java:16)
	at java.base/jdk.internal.reflect.DirectMethodHandleAccessor.invoke(DirectMethodHandleAccessor.java:103)
	at java.base/java.lang.reflect.Method.invoke(Method.java:580)
	at org.testng.internal.invokers.MethodInvocationHelper.invokeMethod(MethodInvocationHelper.java:139)
	at org.testng.internal.invokers.TestInvoker.invokeMethod(TestInvoker.java:664)
	at org.testng.internal.invokers.TestInvoker.invokeTestMethod(TestInvoker.java:227)
	at org.testng.internal.invokers.MethodRunner.runInSequence(MethodRunner.java:50)
	at org.testng.internal.invokers.TestInvoker$MethodInvocationAgent.invoke(TestInvoker.java:957)
	at org.testng.internal.invokers.TestInvoker.invokeTestMethods(TestInvoker.java:200)
	at org.testng.internal.invokers.TestMethodWorker.invokeTestMethods(TestMethodWorker.java:148)
	at org.testng.internal.invokers.TestMethodWorker.run(TestMethodWorker.java:128)
	at java.base/java.util.ArrayList.forEach(ArrayList.java:1597)
	at org.testng.TestRunner.privateRun(TestRunner.java:848)
	at org.testng.TestRunner.run(TestRunner.java:621)
	at org.testng.SuiteRunner.runTest(SuiteRunner.java:443)
	at org.testng.SuiteRunner$SuiteWorker.run(SuiteRunner.java:481)
	at org.testng.internal.thread.ThreadUtil.lambda$execute$0(ThreadUtil.java:58)
	at java.base/java.util.concurrent.FutureTask.run(FutureTask.java:317)
	at java.base/java.util.concurrent.ThreadPoolExecutor.runWorker(ThreadPoolExecutor.java:1144)
	at java.base/java.util.concurrent.ThreadPoolExecutor$Worker.run(ThreadPoolExecutor.java:642)
	at java.base/java.lang.Thread.run(Thread.java:1575)
2025-05-03 13:03:47.054 [TestNG-tests-1] ERROR c.s.framework.utils.LoggerUtil - FAIL: Test failed: no such element: Unable to locate element: {"method":"css selector","selector":"#login\-button"}
  (Session info: chrome=135.0.7049.116)
For documentation on this error, please visit: https://www.selenium.dev/documentation/webdriver/troubleshooting/errors#no-such-element-exception
Build info: version: '4.15.0', revision: '1d14b5521b'
System info: os.name: 'Mac OS X', os.arch: 'aarch64', os.version: '14.2.1', java.version: '23.0.2'
Driver info: org.openqa.selenium.chrome.ChromeDriver
Command: [5a5339a514113135afb68616b41e638d, findElement {using=id, value=login-button}]
Capabilities {acceptInsecureCerts: false, browserName: chrome, browserVersion: 135.0.7049.116, chrome: {chromedriverVersion: 135.0.7049.114 (63fd8a7d9d0..., userDataDir: /var/folders/1w/hfkjg5tn5s5...}, fedcm:accounts: true, goog:chromeOptions: {debuggerAddress: localhost:52607}, networkConnectionEnabled: false, pageLoadStrategy: normal, platformName: mac, proxy: Proxy(), se:cdp: ws://localhost:52607/devtoo..., se:cdpVersion: 135.0.7049.116, setWindowRect: true, strictFileInteractability: false, timeouts: {implicit: 0, pageLoad: 300000, script: 30000}, unhandledPromptBehavior: dismiss and notify, webauthn:extension:credBlob: true, webauthn:extension:largeBlob: true, webauthn:extension:minPinLength: true, webauthn:extension:prf: true, webauthn:virtualAuthenticators: true}
Session ID: 5a5339a514113135afb68616b41e638d
org.openqa.selenium.NoSuchElementException: no such element: Unable to locate element: {"method":"css selector","selector":"#login\-button"}
  (Session info: chrome=135.0.7049.116)
For documentation on this error, please visit: https://www.selenium.dev/documentation/webdriver/troubleshooting/errors#no-such-element-exception
Build info: version: '4.15.0', revision: '1d14b5521b'
System info: os.name: 'Mac OS X', os.arch: 'aarch64', os.version: '14.2.1', java.version: '23.0.2'
Driver info: org.openqa.selenium.chrome.ChromeDriver
Command: [5a5339a514113135afb68616b41e638d, findElement {using=id, value=login-button}]
Capabilities {acceptInsecureCerts: false, browserName: chrome, browserVersion: 135.0.7049.116, chrome: {chromedriverVersion: 135.0.7049.114 (63fd8a7d9d0..., userDataDir: /var/folders/1w/hfkjg5tn5s5...}, fedcm:accounts: true, goog:chromeOptions: {debuggerAddress: localhost:52607}, networkConnectionEnabled: false, pageLoadStrategy: normal, platformName: mac, proxy: Proxy(), se:cdp: ws://localhost:52607/devtoo..., se:cdpVersion: 135.0.7049.116, setWindowRect: true, strictFileInteractability: false, timeouts: {implicit: 0, pageLoad: 300000, script: 30000}, unhandledPromptBehavior: dismiss and notify, webauthn:extension:credBlob: true, webauthn:extension:largeBlob: true, webauthn:extension:minPinLength: true, webauthn:extension:prf: true, webauthn:virtualAuthenticators: true}
Session ID: 5a5339a514113135afb68616b41e638d
	at java.base/jdk.internal.reflect.DirectConstructorHandleAccessor.newInstance(DirectConstructorHandleAccessor.java:62)
	at java.base/java.lang.reflect.Constructor.newInstanceWithCaller(Constructor.java:501)
	at java.base/java.lang.reflect.Constructor.newInstance(Constructor.java:485)
	at org.openqa.selenium.remote.codec.w3c.W3CHttpResponseCodec.createException(W3CHttpResponseCodec.java:200)
	at org.openqa.selenium.remote.codec.w3c.W3CHttpResponseCodec.decode(W3CHttpResponseCodec.java:133)
	at org.openqa.selenium.remote.codec.w3c.W3CHttpResponseCodec.decode(W3CHttpResponseCodec.java:52)
	at org.openqa.selenium.remote.HttpCommandExecutor.execute(HttpCommandExecutor.java:191)
	at org.openqa.selenium.remote.service.DriverCommandExecutor.invokeExecute(DriverCommandExecutor.java:200)
	at org.openqa.selenium.remote.service.DriverCommandExecutor.execute(DriverCommandExecutor.java:175)
	at org.openqa.selenium.remote.RemoteWebDriver.execute(RemoteWebDriver.java:607)
	at org.openqa.selenium.remote.ElementLocation$ElementFinder$2.findElement(ElementLocation.java:165)
	at org.openqa.selenium.remote.ElementLocation.findElement(ElementLocation.java:66)
	at org.openqa.selenium.remote.RemoteWebDriver.findElement(RemoteWebDriver.java:364)
	at org.openqa.selenium.remote.RemoteWebDriver.findElement(RemoteWebDriver.java:358)
	at com.selenium.framework.tests.LoginTest.testSuccessfulLogin(LoginTest.java:16)
	at java.base/jdk.internal.reflect.DirectMethodHandleAccessor.invoke(DirectMethodHandleAccessor.java:103)
	at java.base/java.lang.reflect.Method.invoke(Method.java:580)
	at org.testng.internal.invokers.MethodInvocationHelper.invokeMethod(MethodInvocationHelper.java:139)
	at org.testng.internal.invokers.TestInvoker.invokeMethod(TestInvoker.java:664)
	at org.testng.internal.invokers.TestInvoker.invokeTestMethod(TestInvoker.java:227)
	at org.testng.internal.invokers.MethodRunner.runInSequence(MethodRunner.java:50)
	at org.testng.internal.invokers.TestInvoker$MethodInvocationAgent.invoke(TestInvoker.java:957)
	at org.testng.internal.invokers.TestInvoker.invokeTestMethods(TestInvoker.java:200)
	at org.testng.internal.invokers.TestMethodWorker.invokeTestMethods(TestMethodWorker.java:148)
	at org.testng.internal.invokers.TestMethodWorker.run(TestMethodWorker.java:128)
	at java.base/java.util.ArrayList.forEach(ArrayList.java:1597)
	at org.testng.TestRunner.privateRun(TestRunner.java:848)
	at org.testng.TestRunner.run(TestRunner.java:621)
	at org.testng.SuiteRunner.runTest(SuiteRunner.java:443)
	at org.testng.SuiteRunner$SuiteWorker.run(SuiteRunner.java:481)
	at org.testng.internal.thread.ThreadUtil.lambda$execute$0(ThreadUtil.java:58)
	at java.base/java.util.concurrent.FutureTask.run(FutureTask.java:317)
	at java.base/java.util.concurrent.ThreadPoolExecutor.runWorker(ThreadPoolExecutor.java:1144)
	at java.base/java.util.concurrent.ThreadPoolExecutor$Worker.run(ThreadPoolExecutor.java:642)
	at java.base/java.lang.Thread.run(Thread.java:1575)
2025-05-03 13:03:47.210 [TestNG-tests-1] INFO  c.s.framework.utils.LoggerUtil - Screenshot captured: Failure Screenshot
2025-05-03 13:03:47.218 [TestNG-tests-1] INFO  c.s.framework.utils.LoggerUtil - Test completed
2025-05-03 13:03:47.302 [TestNG-tests-1] INFO  c.s.framework.utils.LoggerUtil - Test teardown completed
2025-05-03 13:05:09.012 [TestNG-tests-1] INFO  c.s.framework.utils.LoggerUtil - Starting test: LoginTest
2025-05-03 13:05:09.014 [TestNG-tests-1] INFO  c.s.framework.utils.LoggerUtil - Browser: chrome
2025-05-03 13:05:09.014 [TestNG-tests-1] INFO  c.s.framework.utils.LoggerUtil - URL: https://the-internet.herokuapp.com/login
2025-05-03 13:05:09.014 [TestNG-tests-1] INFO  c.s.framework.utils.LoggerUtil - Test setup completed for: LoginTest
2025-05-03 13:05:09.015 [TestNG-tests-1] INFO  c.s.framework.utils.LoggerUtil - Starting invalid login test
2025-05-03 13:05:09.103 [TestNG-tests-1] INFO  c.s.framework.utils.LoggerUtil - Entered invalid username
2025-05-03 13:05:09.139 [TestNG-tests-1] INFO  c.s.framework.utils.LoggerUtil - Entered invalid password
2025-05-03 13:05:09.183 [TestNG-tests-1] INFO  c.s.framework.utils.LoggerUtil - Submitted login form
2025-05-03 13:05:09.774 [TestNG-tests-1] INFO  c.s.framework.utils.LoggerUtil - PASS: Invalid login test passed - Error message displayed
2025-05-03 13:05:09.776 [TestNG-tests-1] INFO  c.s.framework.utils.LoggerUtil - PASS: Test passed successfully
2025-05-03 13:05:09.887 [TestNG-tests-1] INFO  c.s.framework.utils.LoggerUtil - Test completed
2025-05-03 13:05:09.970 [TestNG-tests-1] INFO  c.s.framework.utils.LoggerUtil - Test teardown completed
2025-05-03 13:05:14.390 [TestNG-tests-1] INFO  c.s.framework.utils.LoggerUtil - Starting test: LoginTest
2025-05-03 13:05:14.392 [TestNG-tests-1] INFO  c.s.framework.utils.LoggerUtil - Browser: chrome
2025-05-03 13:05:14.393 [TestNG-tests-1] INFO  c.s.framework.utils.LoggerUtil - URL: https://the-internet.herokuapp.com/login
2025-05-03 13:05:14.393 [TestNG-tests-1] INFO  c.s.framework.utils.LoggerUtil - Test setup completed for: LoginTest
2025-05-03 13:05:14.394 [TestNG-tests-1] INFO  c.s.framework.utils.LoggerUtil - Starting successful login test
2025-05-03 13:05:14.484 [TestNG-tests-1] INFO  c.s.framework.utils.LoggerUtil - Entered username
2025-05-03 13:05:14.520 [TestNG-tests-1] INFO  c.s.framework.utils.LoggerUtil - Entered password
2025-05-03 13:05:14.565 [TestNG-tests-1] INFO  c.s.framework.utils.LoggerUtil - Submitted login form
2025-05-03 13:05:15.160 [TestNG-tests-1] INFO  c.s.framework.utils.LoggerUtil - PASS: Login successful - Welcome message displayed
2025-05-03 13:05:15.161 [TestNG-tests-1] INFO  c.s.framework.utils.LoggerUtil - PASS: Test passed successfully
2025-05-03 13:05:15.170 [TestNG-tests-1] INFO  c.s.framework.utils.LoggerUtil - Test completed
2025-05-03 13:05:15.252 [TestNG-tests-1] INFO  c.s.framework.utils.LoggerUtil - Test teardown completed
2025-05-03 13:18:21.312 [TestNG-tests-1] ERROR c.s.framework.utils.LoggerUtil - Error during test teardown
java.lang.NullPointerException: Cannot invoke "com.aventstack.extentreports.ExtentTest.log(com.aventstack.extentreports.Status, String)" because the return value of "java.lang.ThreadLocal.get()" is null
	at com.selenium.framework.utils.ReportUtil.logFail(ReportUtil.java:62)
	at com.selenium.framework.base.BaseTest.tearDown(BaseTest.java:45)
	at java.base/jdk.internal.reflect.DirectMethodHandleAccessor.invoke(DirectMethodHandleAccessor.java:103)
	at java.base/java.lang.reflect.Method.invoke(Method.java:580)
	at org.testng.internal.invokers.MethodInvocationHelper.invokeMethod(MethodInvocationHelper.java:139)
	at org.testng.internal.invokers.MethodInvocationHelper.invokeMethodConsideringTimeout(MethodInvocationHelper.java:69)
	at org.testng.internal.invokers.ConfigInvoker.invokeConfigurationMethod(ConfigInvoker.java:390)
	at org.testng.internal.invokers.ConfigInvoker.invokeConfigurations(ConfigInvoker.java:325)
	at org.testng.internal.invokers.TestInvoker.runConfigMethods(TestInvoker.java:810)
	at org.testng.internal.invokers.TestInvoker.runAfterConfigurations(TestInvoker.java:779)
	at org.testng.internal.invokers.TestInvoker.invokeMethod(TestInvoker.java:755)
	at org.testng.internal.invokers.TestInvoker.invokeTestMethod(TestInvoker.java:227)
	at org.testng.internal.invokers.MethodRunner.runInSequence(MethodRunner.java:50)
	at org.testng.internal.invokers.TestInvoker$MethodInvocationAgent.invoke(TestInvoker.java:957)
	at org.testng.internal.invokers.TestInvoker.invokeTestMethods(TestInvoker.java:200)
	at org.testng.internal.invokers.TestMethodWorker.invokeTestMethods(TestMethodWorker.java:148)
	at org.testng.internal.invokers.TestMethodWorker.run(TestMethodWorker.java:128)
	at java.base/java.util.ArrayList.forEach(ArrayList.java:1597)
	at org.testng.TestRunner.privateRun(TestRunner.java:848)
	at org.testng.TestRunner.run(TestRunner.java:621)
	at org.testng.SuiteRunner.runTest(SuiteRunner.java:443)
	at org.testng.SuiteRunner$SuiteWorker.run(SuiteRunner.java:481)
	at org.testng.internal.thread.ThreadUtil.lambda$execute$0(ThreadUtil.java:58)
	at java.base/java.util.concurrent.FutureTask.run(FutureTask.java:317)
	at java.base/java.util.concurrent.ThreadPoolExecutor.runWorker(ThreadPoolExecutor.java:1144)
	at java.base/java.util.concurrent.ThreadPoolExecutor$Worker.run(ThreadPoolExecutor.java:642)
	at java.base/java.lang.Thread.run(Thread.java:1575)
2025-05-03 13:18:21.315 [TestNG-tests-1] ERROR c.s.framework.utils.LoggerUtil - Error during test teardown
java.lang.NullPointerException: Cannot invoke "com.aventstack.extentreports.ExtentTest.log(com.aventstack.extentreports.Status, String)" because the return value of "java.lang.ThreadLocal.get()" is null
	at com.selenium.framework.utils.ReportUtil.logFail(ReportUtil.java:62)
	at com.selenium.framework.base.BaseTest.tearDown(BaseTest.java:45)
	at java.base/jdk.internal.reflect.DirectMethodHandleAccessor.invoke(DirectMethodHandleAccessor.java:103)
	at java.base/java.lang.reflect.Method.invoke(Method.java:580)
	at org.testng.internal.invokers.MethodInvocationHelper.invokeMethod(MethodInvocationHelper.java:139)
	at org.testng.internal.invokers.MethodInvocationHelper.invokeMethodConsideringTimeout(MethodInvocationHelper.java:69)
	at org.testng.internal.invokers.ConfigInvoker.invokeConfigurationMethod(ConfigInvoker.java:390)
	at org.testng.internal.invokers.ConfigInvoker.invokeConfigurations(ConfigInvoker.java:325)
	at org.testng.internal.invokers.TestInvoker.runConfigMethods(TestInvoker.java:810)
	at org.testng.internal.invokers.TestInvoker.runAfterConfigurations(TestInvoker.java:779)
	at org.testng.internal.invokers.TestInvoker.invokeMethod(TestInvoker.java:755)
	at org.testng.internal.invokers.TestInvoker.invokeTestMethod(TestInvoker.java:227)
	at org.testng.internal.invokers.MethodRunner.runInSequence(MethodRunner.java:50)
	at org.testng.internal.invokers.TestInvoker$MethodInvocationAgent.invoke(TestInvoker.java:957)
	at org.testng.internal.invokers.TestInvoker.invokeTestMethods(TestInvoker.java:200)
	at org.testng.internal.invokers.TestMethodWorker.invokeTestMethods(TestMethodWorker.java:148)
	at org.testng.internal.invokers.TestMethodWorker.run(TestMethodWorker.java:128)
	at java.base/java.util.ArrayList.forEach(ArrayList.java:1597)
	at org.testng.TestRunner.privateRun(TestRunner.java:848)
	at org.testng.TestRunner.run(TestRunner.java:621)
	at org.testng.SuiteRunner.runTest(SuiteRunner.java:443)
	at org.testng.SuiteRunner$SuiteWorker.run(SuiteRunner.java:481)
	at org.testng.internal.thread.ThreadUtil.lambda$execute$0(ThreadUtil.java:58)
	at java.base/java.util.concurrent.FutureTask.run(FutureTask.java:317)
	at java.base/java.util.concurrent.ThreadPoolExecutor.runWorker(ThreadPoolExecutor.java:1144)
	at java.base/java.util.concurrent.ThreadPoolExecutor$Worker.run(ThreadPoolExecutor.java:642)
	at java.base/java.lang.Thread.run(Thread.java:1575)
2025-05-03 13:18:25.982 [TestNG-tests-1] INFO  c.s.framework.utils.LoggerUtil - Starting test: DropdownTest
2025-05-03 13:18:25.984 [TestNG-tests-1] INFO  c.s.framework.utils.LoggerUtil - Browser: chrome
2025-05-03 13:18:25.985 [TestNG-tests-1] INFO  c.s.framework.utils.LoggerUtil - URL: https://the-internet.herokuapp.com/login
2025-05-03 13:18:25.986 [TestNG-tests-1] INFO  c.s.framework.utils.LoggerUtil - Test setup completed for: DropdownTest
2025-05-03 13:18:30.971 [TestNG-tests-1] INFO  c.s.framework.utils.LoggerUtil - Starting test: DropdownTest
2025-05-03 13:18:30.972 [TestNG-tests-1] INFO  c.s.framework.utils.LoggerUtil - Browser: chrome
2025-05-03 13:18:30.973 [TestNG-tests-1] INFO  c.s.framework.utils.LoggerUtil - URL: https://the-internet.herokuapp.com/login
2025-05-03 13:18:30.973 [TestNG-tests-1] INFO  c.s.framework.utils.LoggerUtil - Test setup completed for: DropdownTest
2025-05-03 13:18:31.310 [TestNG-tests-1] INFO  c.s.framework.utils.LoggerUtil - Starting test: Test Invalid Dropdown Option
2025-05-03 13:18:31.311 [TestNG-tests-1] INFO  c.s.framework.utils.LoggerUtil - Attempting to select non-existent option 'Invalid Option'
2025-05-03 13:18:51.390 [TestNG-tests-1] ERROR c.s.framework.utils.LoggerUtil - Failed to select option from dropdown: Dropdown
org.openqa.selenium.NoSuchElementException: Cannot locate option with text: Invalid Option
For documentation on this error, please visit: https://www.selenium.dev/documentation/webdriver/troubleshooting/errors#no-such-element-exception
Build info: version: '4.15.0', revision: '1d14b5521b'
System info: os.name: 'Mac OS X', os.arch: 'aarch64', os.version: '14.2.1', java.version: '23.0.2'
Driver info: driver.version: unknown
	at org.openqa.selenium.support.ui.Select.selectByVisibleText(Select.java:153)
	at com.selenium.framework.utils.WebDriverUtil.selectByVisibleText(WebDriverUtil.java:95)
	at com.selenium.framework.pages.DropdownPage.selectOption(DropdownPage.java:21)
	at com.selenium.framework.tests.DropdownTest.testInvalidDropdownOption(DropdownTest.java:25)
	at java.base/jdk.internal.reflect.DirectMethodHandleAccessor.invoke(DirectMethodHandleAccessor.java:103)
	at java.base/java.lang.reflect.Method.invoke(Method.java:580)
	at org.testng.internal.invokers.MethodInvocationHelper.invokeMethod(MethodInvocationHelper.java:139)
	at org.testng.internal.invokers.TestInvoker.invokeMethod(TestInvoker.java:664)
	at org.testng.internal.invokers.TestInvoker.invokeTestMethod(TestInvoker.java:227)
	at org.testng.internal.invokers.MethodRunner.runInSequence(MethodRunner.java:50)
	at org.testng.internal.invokers.TestInvoker$MethodInvocationAgent.invoke(TestInvoker.java:957)
	at org.testng.internal.invokers.TestInvoker.invokeTestMethods(TestInvoker.java:200)
	at org.testng.internal.invokers.TestMethodWorker.invokeTestMethods(TestMethodWorker.java:148)
	at org.testng.internal.invokers.TestMethodWorker.run(TestMethodWorker.java:128)
	at java.base/java.util.ArrayList.forEach(ArrayList.java:1597)
	at org.testng.TestRunner.privateRun(TestRunner.java:848)
	at org.testng.TestRunner.run(TestRunner.java:621)
	at org.testng.SuiteRunner.runTest(SuiteRunner.java:443)
	at org.testng.SuiteRunner$SuiteWorker.run(SuiteRunner.java:481)
	at org.testng.internal.thread.ThreadUtil.lambda$execute$0(ThreadUtil.java:58)
	at java.base/java.util.concurrent.FutureTask.run(FutureTask.java:317)
	at java.base/java.util.concurrent.ThreadPoolExecutor.runWorker(ThreadPoolExecutor.java:1144)
	at java.base/java.util.concurrent.ThreadPoolExecutor$Worker.run(ThreadPoolExecutor.java:642)
	at java.base/java.lang.Thread.run(Thread.java:1575)
2025-05-03 13:18:51.391 [TestNG-tests-1] ERROR c.s.framework.utils.LoggerUtil - FAIL: Error occurred while testing dropdown
org.openqa.selenium.NoSuchElementException: Cannot locate option with text: Invalid Option
For documentation on this error, please visit: https://www.selenium.dev/documentation/webdriver/troubleshooting/errors#no-such-element-exception
Build info: version: '4.15.0', revision: '1d14b5521b'
System info: os.name: 'Mac OS X', os.arch: 'aarch64', os.version: '14.2.1', java.version: '23.0.2'
Driver info: driver.version: unknown
	at org.openqa.selenium.support.ui.Select.selectByVisibleText(Select.java:153)
	at com.selenium.framework.utils.WebDriverUtil.selectByVisibleText(WebDriverUtil.java:95)
	at com.selenium.framework.pages.DropdownPage.selectOption(DropdownPage.java:21)
	at com.selenium.framework.tests.DropdownTest.testInvalidDropdownOption(DropdownTest.java:25)
	at java.base/jdk.internal.reflect.DirectMethodHandleAccessor.invoke(DirectMethodHandleAccessor.java:103)
	at java.base/java.lang.reflect.Method.invoke(Method.java:580)
	at org.testng.internal.invokers.MethodInvocationHelper.invokeMethod(MethodInvocationHelper.java:139)
	at org.testng.internal.invokers.TestInvoker.invokeMethod(TestInvoker.java:664)
	at org.testng.internal.invokers.TestInvoker.invokeTestMethod(TestInvoker.java:227)
	at org.testng.internal.invokers.MethodRunner.runInSequence(MethodRunner.java:50)
	at org.testng.internal.invokers.TestInvoker$MethodInvocationAgent.invoke(TestInvoker.java:957)
	at org.testng.internal.invokers.TestInvoker.invokeTestMethods(TestInvoker.java:200)
	at org.testng.internal.invokers.TestMethodWorker.invokeTestMethods(TestMethodWorker.java:148)
	at org.testng.internal.invokers.TestMethodWorker.run(TestMethodWorker.java:128)
	at java.base/java.util.ArrayList.forEach(ArrayList.java:1597)
	at org.testng.TestRunner.privateRun(TestRunner.java:848)
	at org.testng.TestRunner.run(TestRunner.java:621)
	at org.testng.SuiteRunner.runTest(SuiteRunner.java:443)
	at org.testng.SuiteRunner$SuiteWorker.run(SuiteRunner.java:481)
	at org.testng.internal.thread.ThreadUtil.lambda$execute$0(ThreadUtil.java:58)
	at java.base/java.util.concurrent.FutureTask.run(FutureTask.java:317)
	at java.base/java.util.concurrent.ThreadPoolExecutor.runWorker(ThreadPoolExecutor.java:1144)
	at java.base/java.util.concurrent.ThreadPoolExecutor$Worker.run(ThreadPoolExecutor.java:642)
	at java.base/java.lang.Thread.run(Thread.java:1575)
2025-05-03 13:18:51.393 [TestNG-tests-1] ERROR c.s.framework.utils.LoggerUtil - FAIL: Test failed: Cannot locate option with text: Invalid Option
For documentation on this error, please visit: https://www.selenium.dev/documentation/webdriver/troubleshooting/errors#no-such-element-exception
Build info: version: '4.15.0', revision: '1d14b5521b'
System info: os.name: 'Mac OS X', os.arch: 'aarch64', os.version: '14.2.1', java.version: '23.0.2'
Driver info: driver.version: unknown
org.openqa.selenium.NoSuchElementException: Cannot locate option with text: Invalid Option
For documentation on this error, please visit: https://www.selenium.dev/documentation/webdriver/troubleshooting/errors#no-such-element-exception
Build info: version: '4.15.0', revision: '1d14b5521b'
System info: os.name: 'Mac OS X', os.arch: 'aarch64', os.version: '14.2.1', java.version: '23.0.2'
Driver info: driver.version: unknown
	at org.openqa.selenium.support.ui.Select.selectByVisibleText(Select.java:153)
	at com.selenium.framework.utils.WebDriverUtil.selectByVisibleText(WebDriverUtil.java:95)
	at com.selenium.framework.pages.DropdownPage.selectOption(DropdownPage.java:21)
	at com.selenium.framework.tests.DropdownTest.testInvalidDropdownOption(DropdownTest.java:25)
	at java.base/jdk.internal.reflect.DirectMethodHandleAccessor.invoke(DirectMethodHandleAccessor.java:103)
	at java.base/java.lang.reflect.Method.invoke(Method.java:580)
	at org.testng.internal.invokers.MethodInvocationHelper.invokeMethod(MethodInvocationHelper.java:139)
	at org.testng.internal.invokers.TestInvoker.invokeMethod(TestInvoker.java:664)
	at org.testng.internal.invokers.TestInvoker.invokeTestMethod(TestInvoker.java:227)
	at org.testng.internal.invokers.MethodRunner.runInSequence(MethodRunner.java:50)
	at org.testng.internal.invokers.TestInvoker$MethodInvocationAgent.invoke(TestInvoker.java:957)
	at org.testng.internal.invokers.TestInvoker.invokeTestMethods(TestInvoker.java:200)
	at org.testng.internal.invokers.TestMethodWorker.invokeTestMethods(TestMethodWorker.java:148)
	at org.testng.internal.invokers.TestMethodWorker.run(TestMethodWorker.java:128)
	at java.base/java.util.ArrayList.forEach(ArrayList.java:1597)
	at org.testng.TestRunner.privateRun(TestRunner.java:848)
	at org.testng.TestRunner.run(TestRunner.java:621)
	at org.testng.SuiteRunner.runTest(SuiteRunner.java:443)
	at org.testng.SuiteRunner$SuiteWorker.run(SuiteRunner.java:481)
	at org.testng.internal.thread.ThreadUtil.lambda$execute$0(ThreadUtil.java:58)
	at java.base/java.util.concurrent.FutureTask.run(FutureTask.java:317)
	at java.base/java.util.concurrent.ThreadPoolExecutor.runWorker(ThreadPoolExecutor.java:1144)
	at java.base/java.util.concurrent.ThreadPoolExecutor$Worker.run(ThreadPoolExecutor.java:642)
	at java.base/java.lang.Thread.run(Thread.java:1575)
2025-05-03 13:18:51.707 [TestNG-tests-1] INFO  c.s.framework.utils.LoggerUtil - Screenshot captured: Failure Screenshot
2025-05-03 13:18:51.813 [TestNG-tests-1] INFO  c.s.framework.utils.LoggerUtil - Test completed
2025-05-03 13:18:51.901 [TestNG-tests-1] INFO  c.s.framework.utils.LoggerUtil - Test teardown completed
2025-05-03 13:26:42.495 [TestNG-tests-1] ERROR c.s.framework.utils.LoggerUtil - Error during test teardown
java.lang.NullPointerException: Cannot invoke "com.aventstack.extentreports.ExtentTest.log(com.aventstack.extentreports.Status, String)" because the return value of "java.lang.ThreadLocal.get()" is null
	at com.selenium.framework.utils.ReportUtil.logFail(ReportUtil.java:62)
	at com.selenium.framework.base.BaseTest.tearDown(BaseTest.java:45)
	at java.base/jdk.internal.reflect.DirectMethodHandleAccessor.invoke(DirectMethodHandleAccessor.java:103)
	at java.base/java.lang.reflect.Method.invoke(Method.java:580)
	at org.testng.internal.invokers.MethodInvocationHelper.invokeMethod(MethodInvocationHelper.java:139)
	at org.testng.internal.invokers.MethodInvocationHelper.invokeMethodConsideringTimeout(MethodInvocationHelper.java:69)
	at org.testng.internal.invokers.ConfigInvoker.invokeConfigurationMethod(ConfigInvoker.java:390)
	at org.testng.internal.invokers.ConfigInvoker.invokeConfigurations(ConfigInvoker.java:325)
	at org.testng.internal.invokers.TestInvoker.runConfigMethods(TestInvoker.java:810)
	at org.testng.internal.invokers.TestInvoker.runAfterConfigurations(TestInvoker.java:779)
	at org.testng.internal.invokers.TestInvoker.invokeMethod(TestInvoker.java:755)
	at org.testng.internal.invokers.TestInvoker.invokeTestMethod(TestInvoker.java:227)
	at org.testng.internal.invokers.MethodRunner.runInSequence(MethodRunner.java:50)
	at org.testng.internal.invokers.TestInvoker$MethodInvocationAgent.invoke(TestInvoker.java:957)
	at org.testng.internal.invokers.TestInvoker.invokeTestMethods(TestInvoker.java:200)
	at org.testng.internal.invokers.TestMethodWorker.invokeTestMethods(TestMethodWorker.java:148)
	at org.testng.internal.invokers.TestMethodWorker.run(TestMethodWorker.java:128)
	at java.base/java.util.ArrayList.forEach(ArrayList.java:1597)
	at org.testng.TestRunner.privateRun(TestRunner.java:848)
	at org.testng.TestRunner.run(TestRunner.java:621)
	at org.testng.SuiteRunner.runTest(SuiteRunner.java:443)
	at org.testng.SuiteRunner$SuiteWorker.run(SuiteRunner.java:481)
	at org.testng.internal.thread.ThreadUtil.lambda$execute$0(ThreadUtil.java:58)
	at java.base/java.util.concurrent.FutureTask.run(FutureTask.java:317)
	at java.base/java.util.concurrent.ThreadPoolExecutor.runWorker(ThreadPoolExecutor.java:1144)
	at java.base/java.util.concurrent.ThreadPoolExecutor$Worker.run(ThreadPoolExecutor.java:642)
	at java.base/java.lang.Thread.run(Thread.java:1575)
2025-05-03 13:26:42.498 [TestNG-tests-1] ERROR c.s.framework.utils.LoggerUtil - Error during test teardown
java.lang.NullPointerException: Cannot invoke "com.aventstack.extentreports.ExtentTest.log(com.aventstack.extentreports.Status, String)" because the return value of "java.lang.ThreadLocal.get()" is null
	at com.selenium.framework.utils.ReportUtil.logFail(ReportUtil.java:62)
	at com.selenium.framework.base.BaseTest.tearDown(BaseTest.java:45)
	at java.base/jdk.internal.reflect.DirectMethodHandleAccessor.invoke(DirectMethodHandleAccessor.java:103)
	at java.base/java.lang.reflect.Method.invoke(Method.java:580)
	at org.testng.internal.invokers.MethodInvocationHelper.invokeMethod(MethodInvocationHelper.java:139)
	at org.testng.internal.invokers.MethodInvocationHelper.invokeMethodConsideringTimeout(MethodInvocationHelper.java:69)
	at org.testng.internal.invokers.ConfigInvoker.invokeConfigurationMethod(ConfigInvoker.java:390)
	at org.testng.internal.invokers.ConfigInvoker.invokeConfigurations(ConfigInvoker.java:325)
	at org.testng.internal.invokers.TestInvoker.runConfigMethods(TestInvoker.java:810)
	at org.testng.internal.invokers.TestInvoker.runAfterConfigurations(TestInvoker.java:779)
	at org.testng.internal.invokers.TestInvoker.invokeMethod(TestInvoker.java:755)
	at org.testng.internal.invokers.TestInvoker.invokeTestMethod(TestInvoker.java:227)
	at org.testng.internal.invokers.MethodRunner.runInSequence(MethodRunner.java:50)
	at org.testng.internal.invokers.TestInvoker$MethodInvocationAgent.invoke(TestInvoker.java:957)
	at org.testng.internal.invokers.TestInvoker.invokeTestMethods(TestInvoker.java:200)
	at org.testng.internal.invokers.TestMethodWorker.invokeTestMethods(TestMethodWorker.java:148)
	at org.testng.internal.invokers.TestMethodWorker.run(TestMethodWorker.java:128)
	at java.base/java.util.ArrayList.forEach(ArrayList.java:1597)
	at org.testng.TestRunner.privateRun(TestRunner.java:848)
	at org.testng.TestRunner.run(TestRunner.java:621)
	at org.testng.SuiteRunner.runTest(SuiteRunner.java:443)
	at org.testng.SuiteRunner$SuiteWorker.run(SuiteRunner.java:481)
	at org.testng.internal.thread.ThreadUtil.lambda$execute$0(ThreadUtil.java:58)
	at java.base/java.util.concurrent.FutureTask.run(FutureTask.java:317)
	at java.base/java.util.concurrent.ThreadPoolExecutor.runWorker(ThreadPoolExecutor.java:1144)
	at java.base/java.util.concurrent.ThreadPoolExecutor$Worker.run(ThreadPoolExecutor.java:642)
	at java.base/java.lang.Thread.run(Thread.java:1575)
2025-05-03 13:26:47.430 [TestNG-tests-1] INFO  c.s.framework.utils.LoggerUtil - Starting test: DropdownTest
2025-05-03 13:26:47.435 [TestNG-tests-1] INFO  c.s.framework.utils.LoggerUtil - Browser: chrome
2025-05-03 13:26:47.437 [TestNG-tests-1] INFO  c.s.framework.utils.LoggerUtil - URL: https://the-internet.herokuapp.com/login
2025-05-03 13:26:47.438 [TestNG-tests-1] INFO  c.s.framework.utils.LoggerUtil - Test setup completed for: DropdownTest
2025-05-03 13:26:49.889 [TestNG-tests-1] INFO  c.s.framework.utils.LoggerUtil - Starting test: DropdownTest
2025-05-03 13:26:49.890 [TestNG-tests-1] INFO  c.s.framework.utils.LoggerUtil - Browser: chrome
2025-05-03 13:26:49.890 [TestNG-tests-1] INFO  c.s.framework.utils.LoggerUtil - URL: https://the-internet.herokuapp.com/login
2025-05-03 13:26:49.890 [TestNG-tests-1] INFO  c.s.framework.utils.LoggerUtil - Test setup completed for: DropdownTest
2025-05-03 13:26:52.747 [TestNG-tests-1] INFO  c.s.framework.utils.LoggerUtil - Starting test: Test Invalid Dropdown Option
2025-05-03 13:26:52.748 [TestNG-tests-1] INFO  c.s.framework.utils.LoggerUtil - Attempting to select non-existent option 'Invalid Option'
2025-05-03 13:27:12.883 [TestNG-tests-1] ERROR c.s.framework.utils.LoggerUtil - Failed to select option from dropdown: Dropdown
org.openqa.selenium.NoSuchElementException: Cannot locate option with text: Invalid Option
For documentation on this error, please visit: https://www.selenium.dev/documentation/webdriver/troubleshooting/errors#no-such-element-exception
Build info: version: '4.15.0', revision: '1d14b5521b'
System info: os.name: 'Mac OS X', os.arch: 'aarch64', os.version: '14.2.1', java.version: '23.0.2'
Driver info: driver.version: unknown
	at org.openqa.selenium.support.ui.Select.selectByVisibleText(Select.java:153)
	at com.selenium.framework.utils.WebDriverUtil.selectByVisibleText(WebDriverUtil.java:95)
	at com.selenium.framework.pages.DropdownPage.selectOption(DropdownPage.java:21)
	at com.selenium.framework.tests.DropdownTest.testInvalidDropdownOption(DropdownTest.java:25)
	at java.base/jdk.internal.reflect.DirectMethodHandleAccessor.invoke(DirectMethodHandleAccessor.java:103)
	at java.base/java.lang.reflect.Method.invoke(Method.java:580)
	at org.testng.internal.invokers.MethodInvocationHelper.invokeMethod(MethodInvocationHelper.java:139)
	at org.testng.internal.invokers.TestInvoker.invokeMethod(TestInvoker.java:664)
	at org.testng.internal.invokers.TestInvoker.invokeTestMethod(TestInvoker.java:227)
	at org.testng.internal.invokers.MethodRunner.runInSequence(MethodRunner.java:50)
	at org.testng.internal.invokers.TestInvoker$MethodInvocationAgent.invoke(TestInvoker.java:957)
	at org.testng.internal.invokers.TestInvoker.invokeTestMethods(TestInvoker.java:200)
	at org.testng.internal.invokers.TestMethodWorker.invokeTestMethods(TestMethodWorker.java:148)
	at org.testng.internal.invokers.TestMethodWorker.run(TestMethodWorker.java:128)
	at java.base/java.util.ArrayList.forEach(ArrayList.java:1597)
	at org.testng.TestRunner.privateRun(TestRunner.java:848)
	at org.testng.TestRunner.run(TestRunner.java:621)
	at org.testng.SuiteRunner.runTest(SuiteRunner.java:443)
	at org.testng.SuiteRunner$SuiteWorker.run(SuiteRunner.java:481)
	at org.testng.internal.thread.ThreadUtil.lambda$execute$0(ThreadUtil.java:58)
	at java.base/java.util.concurrent.FutureTask.run(FutureTask.java:317)
	at java.base/java.util.concurrent.ThreadPoolExecutor.runWorker(ThreadPoolExecutor.java:1144)
	at java.base/java.util.concurrent.ThreadPoolExecutor$Worker.run(ThreadPoolExecutor.java:642)
	at java.base/java.lang.Thread.run(Thread.java:1575)
2025-05-03 13:27:12.887 [TestNG-tests-1] ERROR c.s.framework.utils.LoggerUtil - FAIL: Error occurred while testing dropdown
org.openqa.selenium.NoSuchElementException: Cannot locate option with text: Invalid Option
For documentation on this error, please visit: https://www.selenium.dev/documentation/webdriver/troubleshooting/errors#no-such-element-exception
Build info: version: '4.15.0', revision: '1d14b5521b'
System info: os.name: 'Mac OS X', os.arch: 'aarch64', os.version: '14.2.1', java.version: '23.0.2'
Driver info: driver.version: unknown
	at org.openqa.selenium.support.ui.Select.selectByVisibleText(Select.java:153)
	at com.selenium.framework.utils.WebDriverUtil.selectByVisibleText(WebDriverUtil.java:95)
	at com.selenium.framework.pages.DropdownPage.selectOption(DropdownPage.java:21)
	at com.selenium.framework.tests.DropdownTest.testInvalidDropdownOption(DropdownTest.java:25)
	at java.base/jdk.internal.reflect.DirectMethodHandleAccessor.invoke(DirectMethodHandleAccessor.java:103)
	at java.base/java.lang.reflect.Method.invoke(Method.java:580)
	at org.testng.internal.invokers.MethodInvocationHelper.invokeMethod(MethodInvocationHelper.java:139)
	at org.testng.internal.invokers.TestInvoker.invokeMethod(TestInvoker.java:664)
	at org.testng.internal.invokers.TestInvoker.invokeTestMethod(TestInvoker.java:227)
	at org.testng.internal.invokers.MethodRunner.runInSequence(MethodRunner.java:50)
	at org.testng.internal.invokers.TestInvoker$MethodInvocationAgent.invoke(TestInvoker.java:957)
	at org.testng.internal.invokers.TestInvoker.invokeTestMethods(TestInvoker.java:200)
	at org.testng.internal.invokers.TestMethodWorker.invokeTestMethods(TestMethodWorker.java:148)
	at org.testng.internal.invokers.TestMethodWorker.run(TestMethodWorker.java:128)
	at java.base/java.util.ArrayList.forEach(ArrayList.java:1597)
	at org.testng.TestRunner.privateRun(TestRunner.java:848)
	at org.testng.TestRunner.run(TestRunner.java:621)
	at org.testng.SuiteRunner.runTest(SuiteRunner.java:443)
	at org.testng.SuiteRunner$SuiteWorker.run(SuiteRunner.java:481)
	at org.testng.internal.thread.ThreadUtil.lambda$execute$0(ThreadUtil.java:58)
	at java.base/java.util.concurrent.FutureTask.run(FutureTask.java:317)
	at java.base/java.util.concurrent.ThreadPoolExecutor.runWorker(ThreadPoolExecutor.java:1144)
	at java.base/java.util.concurrent.ThreadPoolExecutor$Worker.run(ThreadPoolExecutor.java:642)
	at java.base/java.lang.Thread.run(Thread.java:1575)
2025-05-03 13:27:12.891 [TestNG-tests-1] ERROR c.s.framework.utils.LoggerUtil - FAIL: Test failed: Cannot locate option with text: Invalid Option
For documentation on this error, please visit: https://www.selenium.dev/documentation/webdriver/troubleshooting/errors#no-such-element-exception
Build info: version: '4.15.0', revision: '1d14b5521b'
System info: os.name: 'Mac OS X', os.arch: 'aarch64', os.version: '14.2.1', java.version: '23.0.2'
Driver info: driver.version: unknown
org.openqa.selenium.NoSuchElementException: Cannot locate option with text: Invalid Option
For documentation on this error, please visit: https://www.selenium.dev/documentation/webdriver/troubleshooting/errors#no-such-element-exception
Build info: version: '4.15.0', revision: '1d14b5521b'
System info: os.name: 'Mac OS X', os.arch: 'aarch64', os.version: '14.2.1', java.version: '23.0.2'
Driver info: driver.version: unknown
	at org.openqa.selenium.support.ui.Select.selectByVisibleText(Select.java:153)
	at com.selenium.framework.utils.WebDriverUtil.selectByVisibleText(WebDriverUtil.java:95)
	at com.selenium.framework.pages.DropdownPage.selectOption(DropdownPage.java:21)
	at com.selenium.framework.tests.DropdownTest.testInvalidDropdownOption(DropdownTest.java:25)
	at java.base/jdk.internal.reflect.DirectMethodHandleAccessor.invoke(DirectMethodHandleAccessor.java:103)
	at java.base/java.lang.reflect.Method.invoke(Method.java:580)
	at org.testng.internal.invokers.MethodInvocationHelper.invokeMethod(MethodInvocationHelper.java:139)
	at org.testng.internal.invokers.TestInvoker.invokeMethod(TestInvoker.java:664)
	at org.testng.internal.invokers.TestInvoker.invokeTestMethod(TestInvoker.java:227)
	at org.testng.internal.invokers.MethodRunner.runInSequence(MethodRunner.java:50)
	at org.testng.internal.invokers.TestInvoker$MethodInvocationAgent.invoke(TestInvoker.java:957)
	at org.testng.internal.invokers.TestInvoker.invokeTestMethods(TestInvoker.java:200)
	at org.testng.internal.invokers.TestMethodWorker.invokeTestMethods(TestMethodWorker.java:148)
	at org.testng.internal.invokers.TestMethodWorker.run(TestMethodWorker.java:128)
	at java.base/java.util.ArrayList.forEach(ArrayList.java:1597)
	at org.testng.TestRunner.privateRun(TestRunner.java:848)
	at org.testng.TestRunner.run(TestRunner.java:621)
	at org.testng.SuiteRunner.runTest(SuiteRunner.java:443)
	at org.testng.SuiteRunner$SuiteWorker.run(SuiteRunner.java:481)
	at org.testng.internal.thread.ThreadUtil.lambda$execute$0(ThreadUtil.java:58)
	at java.base/java.util.concurrent.FutureTask.run(FutureTask.java:317)
	at java.base/java.util.concurrent.ThreadPoolExecutor.runWorker(ThreadPoolExecutor.java:1144)
	at java.base/java.util.concurrent.ThreadPoolExecutor$Worker.run(ThreadPoolExecutor.java:642)
	at java.base/java.lang.Thread.run(Thread.java:1575)
2025-05-03 13:27:13.162 [TestNG-tests-1] INFO  c.s.framework.utils.LoggerUtil - Screenshot captured: Failure Screenshot
2025-05-03 13:27:13.267 [TestNG-tests-1] INFO  c.s.framework.utils.LoggerUtil - Test completed
2025-05-03 13:27:13.357 [TestNG-tests-1] INFO  c.s.framework.utils.LoggerUtil - Test teardown completed
2025-05-03 13:30:23.007 [TestNG-tests-1] ERROR c.s.framework.utils.LoggerUtil - Error during test teardown
java.lang.NullPointerException: Cannot invoke "com.aventstack.extentreports.ExtentTest.log(com.aventstack.extentreports.Status, String)" because the return value of "java.lang.ThreadLocal.get()" is null
	at com.selenium.framework.utils.ReportUtil.logFail(ReportUtil.java:62)
	at com.selenium.framework.base.BaseTest.tearDown(BaseTest.java:45)
	at java.base/jdk.internal.reflect.DirectMethodHandleAccessor.invoke(DirectMethodHandleAccessor.java:103)
	at java.base/java.lang.reflect.Method.invoke(Method.java:580)
	at org.testng.internal.invokers.MethodInvocationHelper.invokeMethod(MethodInvocationHelper.java:139)
	at org.testng.internal.invokers.MethodInvocationHelper.invokeMethodConsideringTimeout(MethodInvocationHelper.java:69)
	at org.testng.internal.invokers.ConfigInvoker.invokeConfigurationMethod(ConfigInvoker.java:390)
	at org.testng.internal.invokers.ConfigInvoker.invokeConfigurations(ConfigInvoker.java:325)
	at org.testng.internal.invokers.TestInvoker.runConfigMethods(TestInvoker.java:810)
	at org.testng.internal.invokers.TestInvoker.runAfterConfigurations(TestInvoker.java:779)
	at org.testng.internal.invokers.TestInvoker.invokeMethod(TestInvoker.java:755)
	at org.testng.internal.invokers.TestInvoker.invokeTestMethod(TestInvoker.java:227)
	at org.testng.internal.invokers.MethodRunner.runInSequence(MethodRunner.java:50)
	at org.testng.internal.invokers.TestInvoker$MethodInvocationAgent.invoke(TestInvoker.java:957)
	at org.testng.internal.invokers.TestInvoker.invokeTestMethods(TestInvoker.java:200)
	at org.testng.internal.invokers.TestMethodWorker.invokeTestMethods(TestMethodWorker.java:148)
	at org.testng.internal.invokers.TestMethodWorker.run(TestMethodWorker.java:128)
	at java.base/java.util.ArrayList.forEach(ArrayList.java:1597)
	at org.testng.TestRunner.privateRun(TestRunner.java:848)
	at org.testng.TestRunner.run(TestRunner.java:621)
	at org.testng.SuiteRunner.runTest(SuiteRunner.java:443)
	at org.testng.SuiteRunner$SuiteWorker.run(SuiteRunner.java:481)
	at org.testng.internal.thread.ThreadUtil.lambda$execute$0(ThreadUtil.java:58)
	at java.base/java.util.concurrent.FutureTask.run(FutureTask.java:317)
	at java.base/java.util.concurrent.ThreadPoolExecutor.runWorker(ThreadPoolExecutor.java:1144)
	at java.base/java.util.concurrent.ThreadPoolExecutor$Worker.run(ThreadPoolExecutor.java:642)
	at java.base/java.lang.Thread.run(Thread.java:1575)
2025-05-03 13:30:23.010 [TestNG-tests-1] ERROR c.s.framework.utils.LoggerUtil - Error during test teardown
java.lang.NullPointerException: Cannot invoke "com.aventstack.extentreports.ExtentTest.log(com.aventstack.extentreports.Status, String)" because the return value of "java.lang.ThreadLocal.get()" is null
	at com.selenium.framework.utils.ReportUtil.logFail(ReportUtil.java:62)
	at com.selenium.framework.base.BaseTest.tearDown(BaseTest.java:45)
	at java.base/jdk.internal.reflect.DirectMethodHandleAccessor.invoke(DirectMethodHandleAccessor.java:103)
	at java.base/java.lang.reflect.Method.invoke(Method.java:580)
	at org.testng.internal.invokers.MethodInvocationHelper.invokeMethod(MethodInvocationHelper.java:139)
	at org.testng.internal.invokers.MethodInvocationHelper.invokeMethodConsideringTimeout(MethodInvocationHelper.java:69)
	at org.testng.internal.invokers.ConfigInvoker.invokeConfigurationMethod(ConfigInvoker.java:390)
	at org.testng.internal.invokers.ConfigInvoker.invokeConfigurations(ConfigInvoker.java:325)
	at org.testng.internal.invokers.TestInvoker.runConfigMethods(TestInvoker.java:810)
	at org.testng.internal.invokers.TestInvoker.runAfterConfigurations(TestInvoker.java:779)
	at org.testng.internal.invokers.TestInvoker.invokeMethod(TestInvoker.java:755)
	at org.testng.internal.invokers.TestInvoker.invokeTestMethod(TestInvoker.java:227)
	at org.testng.internal.invokers.MethodRunner.runInSequence(MethodRunner.java:50)
	at org.testng.internal.invokers.TestInvoker$MethodInvocationAgent.invoke(TestInvoker.java:957)
	at org.testng.internal.invokers.TestInvoker.invokeTestMethods(TestInvoker.java:200)
	at org.testng.internal.invokers.TestMethodWorker.invokeTestMethods(TestMethodWorker.java:148)
	at org.testng.internal.invokers.TestMethodWorker.run(TestMethodWorker.java:128)
	at java.base/java.util.ArrayList.forEach(ArrayList.java:1597)
	at org.testng.TestRunner.privateRun(TestRunner.java:848)
	at org.testng.TestRunner.run(TestRunner.java:621)
	at org.testng.SuiteRunner.runTest(SuiteRunner.java:443)
	at org.testng.SuiteRunner$SuiteWorker.run(SuiteRunner.java:481)
	at org.testng.internal.thread.ThreadUtil.lambda$execute$0(ThreadUtil.java:58)
	at java.base/java.util.concurrent.FutureTask.run(FutureTask.java:317)
	at java.base/java.util.concurrent.ThreadPoolExecutor.runWorker(ThreadPoolExecutor.java:1144)
	at java.base/java.util.concurrent.ThreadPoolExecutor$Worker.run(ThreadPoolExecutor.java:642)
	at java.base/java.lang.Thread.run(Thread.java:1575)
2025-05-03 13:30:25.286 [TestNG-tests-1] INFO  c.s.framework.utils.LoggerUtil - Starting test: DropdownTest
2025-05-03 13:30:25.288 [TestNG-tests-1] INFO  c.s.framework.utils.LoggerUtil - Browser: chrome
2025-05-03 13:30:25.289 [TestNG-tests-1] INFO  c.s.framework.utils.LoggerUtil - URL: https://the-internet.herokuapp.com/login
2025-05-03 13:30:25.289 [TestNG-tests-1] INFO  c.s.framework.utils.LoggerUtil - Test setup completed for: DropdownTest
2025-05-03 13:30:27.574 [TestNG-tests-1] INFO  c.s.framework.utils.LoggerUtil - Starting test: DropdownTest
2025-05-03 13:30:27.575 [TestNG-tests-1] INFO  c.s.framework.utils.LoggerUtil - Browser: chrome
2025-05-03 13:30:27.576 [TestNG-tests-1] INFO  c.s.framework.utils.LoggerUtil - URL: https://the-internet.herokuapp.com/login
2025-05-03 13:30:27.576 [TestNG-tests-1] INFO  c.s.framework.utils.LoggerUtil - Test setup completed for: DropdownTest
2025-05-03 13:30:30.242 [TestNG-tests-1] INFO  c.s.framework.utils.LoggerUtil - Starting test: Test Invalid Dropdown Option
2025-05-03 13:30:30.243 [TestNG-tests-1] INFO  c.s.framework.utils.LoggerUtil - Attempting to select non-existent option 'Invalid Option'
2025-05-03 13:30:50.324 [TestNG-tests-1] ERROR c.s.framework.utils.LoggerUtil - Failed to select option from dropdown: Dropdown
org.openqa.selenium.NoSuchElementException: Cannot locate option with text: Invalid Option
For documentation on this error, please visit: https://www.selenium.dev/documentation/webdriver/troubleshooting/errors#no-such-element-exception
Build info: version: '4.15.0', revision: '1d14b5521b'
System info: os.name: 'Mac OS X', os.arch: 'aarch64', os.version: '14.2.1', java.version: '23.0.2'
Driver info: driver.version: unknown
	at org.openqa.selenium.support.ui.Select.selectByVisibleText(Select.java:153)
	at com.selenium.framework.utils.WebDriverUtil.selectByVisibleText(WebDriverUtil.java:95)
	at com.selenium.framework.pages.DropdownPage.selectOption(DropdownPage.java:21)
	at com.selenium.framework.tests.DropdownTest.testInvalidDropdownOption(DropdownTest.java:25)
	at java.base/jdk.internal.reflect.DirectMethodHandleAccessor.invoke(DirectMethodHandleAccessor.java:103)
	at java.base/java.lang.reflect.Method.invoke(Method.java:580)
	at org.testng.internal.invokers.MethodInvocationHelper.invokeMethod(MethodInvocationHelper.java:139)
	at org.testng.internal.invokers.TestInvoker.invokeMethod(TestInvoker.java:664)
	at org.testng.internal.invokers.TestInvoker.invokeTestMethod(TestInvoker.java:227)
	at org.testng.internal.invokers.MethodRunner.runInSequence(MethodRunner.java:50)
	at org.testng.internal.invokers.TestInvoker$MethodInvocationAgent.invoke(TestInvoker.java:957)
	at org.testng.internal.invokers.TestInvoker.invokeTestMethods(TestInvoker.java:200)
	at org.testng.internal.invokers.TestMethodWorker.invokeTestMethods(TestMethodWorker.java:148)
	at org.testng.internal.invokers.TestMethodWorker.run(TestMethodWorker.java:128)
	at java.base/java.util.ArrayList.forEach(ArrayList.java:1597)
	at org.testng.TestRunner.privateRun(TestRunner.java:848)
	at org.testng.TestRunner.run(TestRunner.java:621)
	at org.testng.SuiteRunner.runTest(SuiteRunner.java:443)
	at org.testng.SuiteRunner$SuiteWorker.run(SuiteRunner.java:481)
	at org.testng.internal.thread.ThreadUtil.lambda$execute$0(ThreadUtil.java:58)
	at java.base/java.util.concurrent.FutureTask.run(FutureTask.java:317)
	at java.base/java.util.concurrent.ThreadPoolExecutor.runWorker(ThreadPoolExecutor.java:1144)
	at java.base/java.util.concurrent.ThreadPoolExecutor$Worker.run(ThreadPoolExecutor.java:642)
	at java.base/java.lang.Thread.run(Thread.java:1575)
2025-05-03 13:30:50.329 [TestNG-tests-1] ERROR c.s.framework.utils.LoggerUtil - FAIL: Error occurred while testing dropdown
org.openqa.selenium.NoSuchElementException: Cannot locate option with text: Invalid Option
For documentation on this error, please visit: https://www.selenium.dev/documentation/webdriver/troubleshooting/errors#no-such-element-exception
Build info: version: '4.15.0', revision: '1d14b5521b'
System info: os.name: 'Mac OS X', os.arch: 'aarch64', os.version: '14.2.1', java.version: '23.0.2'
Driver info: driver.version: unknown
	at org.openqa.selenium.support.ui.Select.selectByVisibleText(Select.java:153)
	at com.selenium.framework.utils.WebDriverUtil.selectByVisibleText(WebDriverUtil.java:95)
	at com.selenium.framework.pages.DropdownPage.selectOption(DropdownPage.java:21)
	at com.selenium.framework.tests.DropdownTest.testInvalidDropdownOption(DropdownTest.java:25)
	at java.base/jdk.internal.reflect.DirectMethodHandleAccessor.invoke(DirectMethodHandleAccessor.java:103)
	at java.base/java.lang.reflect.Method.invoke(Method.java:580)
	at org.testng.internal.invokers.MethodInvocationHelper.invokeMethod(MethodInvocationHelper.java:139)
	at org.testng.internal.invokers.TestInvoker.invokeMethod(TestInvoker.java:664)
	at org.testng.internal.invokers.TestInvoker.invokeTestMethod(TestInvoker.java:227)
	at org.testng.internal.invokers.MethodRunner.runInSequence(MethodRunner.java:50)
	at org.testng.internal.invokers.TestInvoker$MethodInvocationAgent.invoke(TestInvoker.java:957)
	at org.testng.internal.invokers.TestInvoker.invokeTestMethods(TestInvoker.java:200)
	at org.testng.internal.invokers.TestMethodWorker.invokeTestMethods(TestMethodWorker.java:148)
	at org.testng.internal.invokers.TestMethodWorker.run(TestMethodWorker.java:128)
	at java.base/java.util.ArrayList.forEach(ArrayList.java:1597)
	at org.testng.TestRunner.privateRun(TestRunner.java:848)
	at org.testng.TestRunner.run(TestRunner.java:621)
	at org.testng.SuiteRunner.runTest(SuiteRunner.java:443)
	at org.testng.SuiteRunner$SuiteWorker.run(SuiteRunner.java:481)
	at org.testng.internal.thread.ThreadUtil.lambda$execute$0(ThreadUtil.java:58)
	at java.base/java.util.concurrent.FutureTask.run(FutureTask.java:317)
	at java.base/java.util.concurrent.ThreadPoolExecutor.runWorker(ThreadPoolExecutor.java:1144)
	at java.base/java.util.concurrent.ThreadPoolExecutor$Worker.run(ThreadPoolExecutor.java:642)
	at java.base/java.lang.Thread.run(Thread.java:1575)
2025-05-03 13:30:50.333 [TestNG-tests-1] ERROR c.s.framework.utils.LoggerUtil - FAIL: Test failed: Cannot locate option with text: Invalid Option
For documentation on this error, please visit: https://www.selenium.dev/documentation/webdriver/troubleshooting/errors#no-such-element-exception
Build info: version: '4.15.0', revision: '1d14b5521b'
System info: os.name: 'Mac OS X', os.arch: 'aarch64', os.version: '14.2.1', java.version: '23.0.2'
Driver info: driver.version: unknown
org.openqa.selenium.NoSuchElementException: Cannot locate option with text: Invalid Option
For documentation on this error, please visit: https://www.selenium.dev/documentation/webdriver/troubleshooting/errors#no-such-element-exception
Build info: version: '4.15.0', revision: '1d14b5521b'
System info: os.name: 'Mac OS X', os.arch: 'aarch64', os.version: '14.2.1', java.version: '23.0.2'
Driver info: driver.version: unknown
	at org.openqa.selenium.support.ui.Select.selectByVisibleText(Select.java:153)
	at com.selenium.framework.utils.WebDriverUtil.selectByVisibleText(WebDriverUtil.java:95)
	at com.selenium.framework.pages.DropdownPage.selectOption(DropdownPage.java:21)
	at com.selenium.framework.tests.DropdownTest.testInvalidDropdownOption(DropdownTest.java:25)
	at java.base/jdk.internal.reflect.DirectMethodHandleAccessor.invoke(DirectMethodHandleAccessor.java:103)
	at java.base/java.lang.reflect.Method.invoke(Method.java:580)
	at org.testng.internal.invokers.MethodInvocationHelper.invokeMethod(MethodInvocationHelper.java:139)
	at org.testng.internal.invokers.TestInvoker.invokeMethod(TestInvoker.java:664)
	at org.testng.internal.invokers.TestInvoker.invokeTestMethod(TestInvoker.java:227)
	at org.testng.internal.invokers.MethodRunner.runInSequence(MethodRunner.java:50)
	at org.testng.internal.invokers.TestInvoker$MethodInvocationAgent.invoke(TestInvoker.java:957)
	at org.testng.internal.invokers.TestInvoker.invokeTestMethods(TestInvoker.java:200)
	at org.testng.internal.invokers.TestMethodWorker.invokeTestMethods(TestMethodWorker.java:148)
	at org.testng.internal.invokers.TestMethodWorker.run(TestMethodWorker.java:128)
	at java.base/java.util.ArrayList.forEach(ArrayList.java:1597)
	at org.testng.TestRunner.privateRun(TestRunner.java:848)
	at org.testng.TestRunner.run(TestRunner.java:621)
	at org.testng.SuiteRunner.runTest(SuiteRunner.java:443)
	at org.testng.SuiteRunner$SuiteWorker.run(SuiteRunner.java:481)
	at org.testng.internal.thread.ThreadUtil.lambda$execute$0(ThreadUtil.java:58)
	at java.base/java.util.concurrent.FutureTask.run(FutureTask.java:317)
	at java.base/java.util.concurrent.ThreadPoolExecutor.runWorker(ThreadPoolExecutor.java:1144)
	at java.base/java.util.concurrent.ThreadPoolExecutor$Worker.run(ThreadPoolExecutor.java:642)
	at java.base/java.lang.Thread.run(Thread.java:1575)
2025-05-03 13:30:50.632 [TestNG-tests-1] INFO  c.s.framework.utils.LoggerUtil - Screenshot captured: Failure Screenshot
2025-05-03 13:30:50.741 [TestNG-tests-1] INFO  c.s.framework.utils.LoggerUtil - Test completed
2025-05-03 13:30:50.832 [TestNG-tests-1] INFO  c.s.framework.utils.LoggerUtil - Test teardown completed
2025-05-03 13:33:51.387 [TestNG-tests-1] INFO  c.s.framework.utils.LoggerUtil - Starting test: LoginTest
2025-05-03 13:33:51.389 [TestNG-tests-1] INFO  c.s.framework.utils.LoggerUtil - Browser: chrome
2025-05-03 13:33:51.389 [TestNG-tests-1] INFO  c.s.framework.utils.LoggerUtil - URL: https://the-internet.herokuapp.com/login
2025-05-03 13:33:51.389 [TestNG-tests-1] INFO  c.s.framework.utils.LoggerUtil - Test setup completed for: LoginTest
2025-05-03 13:33:51.392 [TestNG-tests-1] INFO  c.s.framework.utils.LoggerUtil - Starting invalid login test
2025-05-03 13:33:51.523 [TestNG-tests-1] INFO  c.s.framework.utils.LoggerUtil - Entered text 'invaliduser' in element: Username field
2025-05-03 13:33:51.575 [TestNG-tests-1] INFO  c.s.framework.utils.LoggerUtil - Entered text 'wrongpassword' in element: Password field
2025-05-03 13:33:51.628 [TestNG-tests-1] INFO  c.s.framework.utils.LoggerUtil - Clicked on element: Submit button
2025-05-03 13:33:52.208 [TestNG-tests-1] INFO  c.s.framework.utils.LoggerUtil - Element is visible: Error message
2025-05-03 13:33:52.229 [TestNG-tests-1] INFO  c.s.framework.utils.LoggerUtil - Retrieved text 'Your username is invalid!
' from element: Error message
2025-05-03 13:33:52.229 [TestNG-tests-1] INFO  c.s.framework.utils.LoggerUtil - PASS: Invalid login test passed - Error message displayed
2025-05-03 13:33:52.231 [TestNG-tests-1] INFO  c.s.framework.utils.LoggerUtil - PASS: Test passed successfully
2025-05-03 13:33:52.344 [TestNG-tests-1] INFO  c.s.framework.utils.LoggerUtil - Test completed
2025-05-03 13:33:52.471 [TestNG-tests-1] INFO  c.s.framework.utils.LoggerUtil - Test teardown completed
2025-05-03 13:33:56.198 [TestNG-tests-1] INFO  c.s.framework.utils.LoggerUtil - Starting test: LoginTest
2025-05-03 13:33:56.199 [TestNG-tests-1] INFO  c.s.framework.utils.LoggerUtil - Browser: chrome
2025-05-03 13:33:56.199 [TestNG-tests-1] INFO  c.s.framework.utils.LoggerUtil - URL: https://the-internet.herokuapp.com/login
2025-05-03 13:33:56.199 [TestNG-tests-1] INFO  c.s.framework.utils.LoggerUtil - Test setup completed for: LoginTest
2025-05-03 13:33:56.200 [TestNG-tests-1] INFO  c.s.framework.utils.LoggerUtil - Starting successful login test
2025-05-03 13:33:56.336 [TestNG-tests-1] INFO  c.s.framework.utils.LoggerUtil - Entered text 'tomsmith' in element: Username field
2025-05-03 13:33:56.397 [TestNG-tests-1] INFO  c.s.framework.utils.LoggerUtil - Entered text 'SuperSecretPassword!' in element: Password field
2025-05-03 13:33:56.439 [TestNG-tests-1] INFO  c.s.framework.utils.LoggerUtil - Clicked on element: Submit button
2025-05-03 13:33:56.996 [TestNG-tests-1] INFO  c.s.framework.utils.LoggerUtil - Element is visible: Success message
2025-05-03 13:33:57.017 [TestNG-tests-1] INFO  c.s.framework.utils.LoggerUtil - Retrieved text 'You logged into a secure area!
' from element: Success message
2025-05-03 13:33:57.017 [TestNG-tests-1] INFO  c.s.framework.utils.LoggerUtil - PASS: Login successful - Welcome message displayed
2025-05-03 13:33:57.018 [TestNG-tests-1] INFO  c.s.framework.utils.LoggerUtil - PASS: Test passed successfully
2025-05-03 13:33:57.023 [TestNG-tests-1] INFO  c.s.framework.utils.LoggerUtil - Test completed
2025-05-03 13:33:57.106 [TestNG-tests-1] INFO  c.s.framework.utils.LoggerUtil - Test teardown completed
2025-05-03 13:34:01.475 [TestNG-tests-1] INFO  c.s.framework.utils.LoggerUtil - Starting test: DropdownTest
2025-05-03 13:34:01.476 [TestNG-tests-1] INFO  c.s.framework.utils.LoggerUtil - Browser: chrome
2025-05-03 13:34:01.477 [TestNG-tests-1] INFO  c.s.framework.utils.LoggerUtil - URL: https://the-internet.herokuapp.com/login
2025-05-03 13:34:01.478 [TestNG-tests-1] INFO  c.s.framework.utils.LoggerUtil - Test setup completed for: DropdownTest
2025-05-03 13:34:01.749 [TestNG-tests-1] INFO  c.s.framework.utils.LoggerUtil - Starting test: Test Invalid Dropdown Option
2025-05-03 13:34:01.750 [TestNG-tests-1] INFO  c.s.framework.utils.LoggerUtil - Attempting to select non-existent option 'Invalid Option'
2025-05-03 13:34:21.872 [TestNG-tests-1] ERROR c.s.framework.utils.LoggerUtil - Failed to select option from dropdown: Dropdown
org.openqa.selenium.NoSuchElementException: Cannot locate option with text: Invalid Option
For documentation on this error, please visit: https://www.selenium.dev/documentation/webdriver/troubleshooting/errors#no-such-element-exception
Build info: version: '4.15.0', revision: '1d14b5521b'
System info: os.name: 'Mac OS X', os.arch: 'aarch64', os.version: '14.2.1', java.version: '23.0.2'
Driver info: driver.version: unknown
	at org.openqa.selenium.support.ui.Select.selectByVisibleText(Select.java:153)
	at com.selenium.framework.utils.WebDriverUtil.selectByVisibleText(WebDriverUtil.java:95)
	at com.selenium.framework.pages.DropdownPage.selectOption(DropdownPage.java:21)
	at com.selenium.framework.tests.DropdownTest.testInvalidDropdownOption(DropdownTest.java:24)
	at java.base/jdk.internal.reflect.DirectMethodHandleAccessor.invoke(DirectMethodHandleAccessor.java:103)
	at java.base/java.lang.reflect.Method.invoke(Method.java:580)
	at org.testng.internal.invokers.MethodInvocationHelper.invokeMethod(MethodInvocationHelper.java:139)
	at org.testng.internal.invokers.TestInvoker.invokeMethod(TestInvoker.java:664)
	at org.testng.internal.invokers.TestInvoker.invokeTestMethod(TestInvoker.java:227)
	at org.testng.internal.invokers.MethodRunner.runInSequence(MethodRunner.java:50)
	at org.testng.internal.invokers.TestInvoker$MethodInvocationAgent.invoke(TestInvoker.java:957)
	at org.testng.internal.invokers.TestInvoker.invokeTestMethods(TestInvoker.java:200)
	at org.testng.internal.invokers.TestMethodWorker.invokeTestMethods(TestMethodWorker.java:148)
	at org.testng.internal.invokers.TestMethodWorker.run(TestMethodWorker.java:128)
	at java.base/java.util.ArrayList.forEach(ArrayList.java:1597)
	at org.testng.TestRunner.privateRun(TestRunner.java:848)
	at org.testng.TestRunner.run(TestRunner.java:621)
	at org.testng.SuiteRunner.runTest(SuiteRunner.java:443)
	at org.testng.SuiteRunner$SuiteWorker.run(SuiteRunner.java:481)
	at org.testng.internal.thread.ThreadUtil.lambda$execute$0(ThreadUtil.java:58)
	at java.base/java.util.concurrent.FutureTask.run(FutureTask.java:317)
	at java.base/java.util.concurrent.ThreadPoolExecutor.runWorker(ThreadPoolExecutor.java:1144)
	at java.base/java.util.concurrent.ThreadPoolExecutor$Worker.run(ThreadPoolExecutor.java:642)
	at java.base/java.lang.Thread.run(Thread.java:1575)
2025-05-03 13:34:21.878 [TestNG-tests-1] ERROR c.s.framework.utils.LoggerUtil - FAIL: Error occurred while testing dropdown
org.openqa.selenium.NoSuchElementException: Cannot locate option with text: Invalid Option
For documentation on this error, please visit: https://www.selenium.dev/documentation/webdriver/troubleshooting/errors#no-such-element-exception
Build info: version: '4.15.0', revision: '1d14b5521b'
System info: os.name: 'Mac OS X', os.arch: 'aarch64', os.version: '14.2.1', java.version: '23.0.2'
Driver info: driver.version: unknown
	at org.openqa.selenium.support.ui.Select.selectByVisibleText(Select.java:153)
	at com.selenium.framework.utils.WebDriverUtil.selectByVisibleText(WebDriverUtil.java:95)
	at com.selenium.framework.pages.DropdownPage.selectOption(DropdownPage.java:21)
	at com.selenium.framework.tests.DropdownTest.testInvalidDropdownOption(DropdownTest.java:24)
	at java.base/jdk.internal.reflect.DirectMethodHandleAccessor.invoke(DirectMethodHandleAccessor.java:103)
	at java.base/java.lang.reflect.Method.invoke(Method.java:580)
	at org.testng.internal.invokers.MethodInvocationHelper.invokeMethod(MethodInvocationHelper.java:139)
	at org.testng.internal.invokers.TestInvoker.invokeMethod(TestInvoker.java:664)
	at org.testng.internal.invokers.TestInvoker.invokeTestMethod(TestInvoker.java:227)
	at org.testng.internal.invokers.MethodRunner.runInSequence(MethodRunner.java:50)
	at org.testng.internal.invokers.TestInvoker$MethodInvocationAgent.invoke(TestInvoker.java:957)
	at org.testng.internal.invokers.TestInvoker.invokeTestMethods(TestInvoker.java:200)
	at org.testng.internal.invokers.TestMethodWorker.invokeTestMethods(TestMethodWorker.java:148)
	at org.testng.internal.invokers.TestMethodWorker.run(TestMethodWorker.java:128)
	at java.base/java.util.ArrayList.forEach(ArrayList.java:1597)
	at org.testng.TestRunner.privateRun(TestRunner.java:848)
	at org.testng.TestRunner.run(TestRunner.java:621)
	at org.testng.SuiteRunner.runTest(SuiteRunner.java:443)
	at org.testng.SuiteRunner$SuiteWorker.run(SuiteRunner.java:481)
	at org.testng.internal.thread.ThreadUtil.lambda$execute$0(ThreadUtil.java:58)
	at java.base/java.util.concurrent.FutureTask.run(FutureTask.java:317)
	at java.base/java.util.concurrent.ThreadPoolExecutor.runWorker(ThreadPoolExecutor.java:1144)
	at java.base/java.util.concurrent.ThreadPoolExecutor$Worker.run(ThreadPoolExecutor.java:642)
	at java.base/java.lang.Thread.run(Thread.java:1575)
2025-05-03 13:34:21.883 [TestNG-tests-1] ERROR c.s.framework.utils.LoggerUtil - FAIL: Test failed: Cannot locate option with text: Invalid Option
For documentation on this error, please visit: https://www.selenium.dev/documentation/webdriver/troubleshooting/errors#no-such-element-exception
Build info: version: '4.15.0', revision: '1d14b5521b'
System info: os.name: 'Mac OS X', os.arch: 'aarch64', os.version: '14.2.1', java.version: '23.0.2'
Driver info: driver.version: unknown
org.openqa.selenium.NoSuchElementException: Cannot locate option with text: Invalid Option
For documentation on this error, please visit: https://www.selenium.dev/documentation/webdriver/troubleshooting/errors#no-such-element-exception
Build info: version: '4.15.0', revision: '1d14b5521b'
System info: os.name: 'Mac OS X', os.arch: 'aarch64', os.version: '14.2.1', java.version: '23.0.2'
Driver info: driver.version: unknown
	at org.openqa.selenium.support.ui.Select.selectByVisibleText(Select.java:153)
	at com.selenium.framework.utils.WebDriverUtil.selectByVisibleText(WebDriverUtil.java:95)
	at com.selenium.framework.pages.DropdownPage.selectOption(DropdownPage.java:21)
	at com.selenium.framework.tests.DropdownTest.testInvalidDropdownOption(DropdownTest.java:24)
	at java.base/jdk.internal.reflect.DirectMethodHandleAccessor.invoke(DirectMethodHandleAccessor.java:103)
	at java.base/java.lang.reflect.Method.invoke(Method.java:580)
	at org.testng.internal.invokers.MethodInvocationHelper.invokeMethod(MethodInvocationHelper.java:139)
	at org.testng.internal.invokers.TestInvoker.invokeMethod(TestInvoker.java:664)
	at org.testng.internal.invokers.TestInvoker.invokeTestMethod(TestInvoker.java:227)
	at org.testng.internal.invokers.MethodRunner.runInSequence(MethodRunner.java:50)
	at org.testng.internal.invokers.TestInvoker$MethodInvocationAgent.invoke(TestInvoker.java:957)
	at org.testng.internal.invokers.TestInvoker.invokeTestMethods(TestInvoker.java:200)
	at org.testng.internal.invokers.TestMethodWorker.invokeTestMethods(TestMethodWorker.java:148)
	at org.testng.internal.invokers.TestMethodWorker.run(TestMethodWorker.java:128)
	at java.base/java.util.ArrayList.forEach(ArrayList.java:1597)
	at org.testng.TestRunner.privateRun(TestRunner.java:848)
	at org.testng.TestRunner.run(TestRunner.java:621)
	at org.testng.SuiteRunner.runTest(SuiteRunner.java:443)
	at org.testng.SuiteRunner$SuiteWorker.run(SuiteRunner.java:481)
	at org.testng.internal.thread.ThreadUtil.lambda$execute$0(ThreadUtil.java:58)
	at java.base/java.util.concurrent.FutureTask.run(FutureTask.java:317)
	at java.base/java.util.concurrent.ThreadPoolExecutor.runWorker(ThreadPoolExecutor.java:1144)
	at java.base/java.util.concurrent.ThreadPoolExecutor$Worker.run(ThreadPoolExecutor.java:642)
	at java.base/java.lang.Thread.run(Thread.java:1575)
2025-05-03 13:34:22.049 [TestNG-tests-1] INFO  c.s.framework.utils.LoggerUtil - Screenshot captured: Failure Screenshot
2025-05-03 13:34:22.058 [TestNG-tests-1] INFO  c.s.framework.utils.LoggerUtil - Test completed
2025-05-03 13:34:22.145 [TestNG-tests-1] INFO  c.s.framework.utils.LoggerUtil - Test teardown completed
2025-05-03 13:36:45.408 [TestNG-tests-1] INFO  c.s.framework.utils.LoggerUtil - Starting test: LoginTest
2025-05-03 13:36:45.409 [TestNG-tests-1] INFO  c.s.framework.utils.LoggerUtil - Browser: chrome
2025-05-03 13:36:45.409 [TestNG-tests-1] INFO  c.s.framework.utils.LoggerUtil - URL: https://the-internet.herokuapp.com/login
2025-05-03 13:36:45.410 [TestNG-tests-1] INFO  c.s.framework.utils.LoggerUtil - Test setup completed for: LoginTest
2025-05-03 13:36:45.412 [TestNG-tests-1] INFO  c.s.framework.utils.LoggerUtil - Starting invalid login test
2025-05-03 13:36:45.542 [TestNG-tests-1] INFO  c.s.framework.utils.LoggerUtil - Entered text 'invaliduser' in element: Username field
2025-05-03 13:36:45.594 [TestNG-tests-1] INFO  c.s.framework.utils.LoggerUtil - Entered text 'wrongpassword' in element: Password field
2025-05-03 13:36:46.257 [TestNG-tests-1] INFO  c.s.framework.utils.LoggerUtil - Clicked on element: Submit button
2025-05-03 13:36:46.273 [TestNG-tests-1] INFO  c.s.framework.utils.LoggerUtil - Element is visible: Error message
2025-05-03 13:36:46.292 [TestNG-tests-1] INFO  c.s.framework.utils.LoggerUtil - Retrieved text 'Your username is invalid!
' from element: Error message
2025-05-03 13:36:46.292 [TestNG-tests-1] INFO  c.s.framework.utils.LoggerUtil - PASS: Invalid login test passed - Error message displayed
2025-05-03 13:36:46.294 [TestNG-tests-1] INFO  c.s.framework.utils.LoggerUtil - PASS: Test passed successfully
2025-05-03 13:36:46.396 [TestNG-tests-1] INFO  c.s.framework.utils.LoggerUtil - Test completed
2025-05-03 13:36:46.490 [TestNG-tests-1] INFO  c.s.framework.utils.LoggerUtil - Test teardown completed
2025-05-03 13:36:48.357 [TestNG-tests-1] INFO  c.s.framework.utils.LoggerUtil - Starting test: LoginTest
2025-05-03 13:36:48.359 [TestNG-tests-1] INFO  c.s.framework.utils.LoggerUtil - Browser: chrome
2025-05-03 13:36:48.360 [TestNG-tests-1] INFO  c.s.framework.utils.LoggerUtil - URL: https://the-internet.herokuapp.com/login
2025-05-03 13:36:48.360 [TestNG-tests-1] INFO  c.s.framework.utils.LoggerUtil - Test setup completed for: LoginTest
2025-05-03 13:36:48.362 [TestNG-tests-1] INFO  c.s.framework.utils.LoggerUtil - Starting successful login test
2025-05-03 13:36:50.957 [TestNG-tests-1] INFO  c.s.framework.utils.LoggerUtil - Entered text 'tomsmith' in element: Username field
2025-05-03 13:36:51.012 [TestNG-tests-1] INFO  c.s.framework.utils.LoggerUtil - Entered text 'SuperSecretPassword!' in element: Password field
2025-05-03 13:36:51.057 [TestNG-tests-1] INFO  c.s.framework.utils.LoggerUtil - Clicked on element: Submit button
2025-05-03 13:36:51.635 [TestNG-tests-1] INFO  c.s.framework.utils.LoggerUtil - Element is visible: Success message
2025-05-03 13:36:51.655 [TestNG-tests-1] INFO  c.s.framework.utils.LoggerUtil - Retrieved text 'You logged into a secure area!
' from element: Success message
2025-05-03 13:36:51.655 [TestNG-tests-1] INFO  c.s.framework.utils.LoggerUtil - PASS: Login successful - Welcome message displayed
2025-05-03 13:36:51.656 [TestNG-tests-1] INFO  c.s.framework.utils.LoggerUtil - PASS: Test passed successfully
2025-05-03 13:36:51.664 [TestNG-tests-1] INFO  c.s.framework.utils.LoggerUtil - Test completed
2025-05-03 13:36:51.746 [TestNG-tests-1] INFO  c.s.framework.utils.LoggerUtil - Test teardown completed
2025-05-03 13:36:55.579 [TestNG-tests-1] INFO  c.s.framework.utils.LoggerUtil - Starting test: DropdownTest
2025-05-03 13:36:55.580 [TestNG-tests-1] INFO  c.s.framework.utils.LoggerUtil - Browser: chrome
2025-05-03 13:36:55.580 [TestNG-tests-1] INFO  c.s.framework.utils.LoggerUtil - URL: https://the-internet.herokuapp.com/login
2025-05-03 13:36:55.581 [TestNG-tests-1] INFO  c.s.framework.utils.LoggerUtil - Test setup completed for: DropdownTest
2025-05-03 13:36:55.892 [TestNG-tests-1] INFO  c.s.framework.utils.LoggerUtil - Starting test: Test Invalid Dropdown Option
2025-05-03 13:36:55.893 [TestNG-tests-1] INFO  c.s.framework.utils.LoggerUtil - Attempting to select non-existent option 'Invalid Option'
2025-05-03 13:37:16.007 [TestNG-tests-1] ERROR c.s.framework.utils.LoggerUtil - Failed to select option from dropdown: Dropdown
org.openqa.selenium.NoSuchElementException: Cannot locate option with text: Invalid Option
For documentation on this error, please visit: https://www.selenium.dev/documentation/webdriver/troubleshooting/errors#no-such-element-exception
Build info: version: '4.15.0', revision: '1d14b5521b'
System info: os.name: 'Mac OS X', os.arch: 'aarch64', os.version: '14.2.1', java.version: '23.0.2'
Driver info: driver.version: unknown
	at org.openqa.selenium.support.ui.Select.selectByVisibleText(Select.java:153)
	at com.selenium.framework.utils.WebDriverUtil.selectByVisibleText(WebDriverUtil.java:95)
	at com.selenium.framework.pages.DropdownPage.selectOption(DropdownPage.java:21)
	at com.selenium.framework.tests.DropdownTest.testInvalidDropdownOption(DropdownTest.java:24)
	at java.base/jdk.internal.reflect.DirectMethodHandleAccessor.invoke(DirectMethodHandleAccessor.java:103)
	at java.base/java.lang.reflect.Method.invoke(Method.java:580)
	at org.testng.internal.invokers.MethodInvocationHelper.invokeMethod(MethodInvocationHelper.java:139)
	at org.testng.internal.invokers.TestInvoker.invokeMethod(TestInvoker.java:664)
	at org.testng.internal.invokers.TestInvoker.invokeTestMethod(TestInvoker.java:227)
	at org.testng.internal.invokers.MethodRunner.runInSequence(MethodRunner.java:50)
	at org.testng.internal.invokers.TestInvoker$MethodInvocationAgent.invoke(TestInvoker.java:957)
	at org.testng.internal.invokers.TestInvoker.invokeTestMethods(TestInvoker.java:200)
	at org.testng.internal.invokers.TestMethodWorker.invokeTestMethods(TestMethodWorker.java:148)
	at org.testng.internal.invokers.TestMethodWorker.run(TestMethodWorker.java:128)
	at java.base/java.util.ArrayList.forEach(ArrayList.java:1597)
	at org.testng.TestRunner.privateRun(TestRunner.java:848)
	at org.testng.TestRunner.run(TestRunner.java:621)
	at org.testng.SuiteRunner.runTest(SuiteRunner.java:443)
	at org.testng.SuiteRunner$SuiteWorker.run(SuiteRunner.java:481)
	at org.testng.internal.thread.ThreadUtil.lambda$execute$0(ThreadUtil.java:58)
	at java.base/java.util.concurrent.FutureTask.run(FutureTask.java:317)
	at java.base/java.util.concurrent.ThreadPoolExecutor.runWorker(ThreadPoolExecutor.java:1144)
	at java.base/java.util.concurrent.ThreadPoolExecutor$Worker.run(ThreadPoolExecutor.java:642)
	at java.base/java.lang.Thread.run(Thread.java:1575)
2025-05-03 13:37:16.014 [TestNG-tests-1] ERROR c.s.framework.utils.LoggerUtil - FAIL: Error occurred while testing dropdown
org.openqa.selenium.NoSuchElementException: Cannot locate option with text: Invalid Option
For documentation on this error, please visit: https://www.selenium.dev/documentation/webdriver/troubleshooting/errors#no-such-element-exception
Build info: version: '4.15.0', revision: '1d14b5521b'
System info: os.name: 'Mac OS X', os.arch: 'aarch64', os.version: '14.2.1', java.version: '23.0.2'
Driver info: driver.version: unknown
	at org.openqa.selenium.support.ui.Select.selectByVisibleText(Select.java:153)
	at com.selenium.framework.utils.WebDriverUtil.selectByVisibleText(WebDriverUtil.java:95)
	at com.selenium.framework.pages.DropdownPage.selectOption(DropdownPage.java:21)
	at com.selenium.framework.tests.DropdownTest.testInvalidDropdownOption(DropdownTest.java:24)
	at java.base/jdk.internal.reflect.DirectMethodHandleAccessor.invoke(DirectMethodHandleAccessor.java:103)
	at java.base/java.lang.reflect.Method.invoke(Method.java:580)
	at org.testng.internal.invokers.MethodInvocationHelper.invokeMethod(MethodInvocationHelper.java:139)
	at org.testng.internal.invokers.TestInvoker.invokeMethod(TestInvoker.java:664)
	at org.testng.internal.invokers.TestInvoker.invokeTestMethod(TestInvoker.java:227)
	at org.testng.internal.invokers.MethodRunner.runInSequence(MethodRunner.java:50)
	at org.testng.internal.invokers.TestInvoker$MethodInvocationAgent.invoke(TestInvoker.java:957)
	at org.testng.internal.invokers.TestInvoker.invokeTestMethods(TestInvoker.java:200)
	at org.testng.internal.invokers.TestMethodWorker.invokeTestMethods(TestMethodWorker.java:148)
	at org.testng.internal.invokers.TestMethodWorker.run(TestMethodWorker.java:128)
	at java.base/java.util.ArrayList.forEach(ArrayList.java:1597)
	at org.testng.TestRunner.privateRun(TestRunner.java:848)
	at org.testng.TestRunner.run(TestRunner.java:621)
	at org.testng.SuiteRunner.runTest(SuiteRunner.java:443)
	at org.testng.SuiteRunner$SuiteWorker.run(SuiteRunner.java:481)
	at org.testng.internal.thread.ThreadUtil.lambda$execute$0(ThreadUtil.java:58)
	at java.base/java.util.concurrent.FutureTask.run(FutureTask.java:317)
	at java.base/java.util.concurrent.ThreadPoolExecutor.runWorker(ThreadPoolExecutor.java:1144)
	at java.base/java.util.concurrent.ThreadPoolExecutor$Worker.run(ThreadPoolExecutor.java:642)
	at java.base/java.lang.Thread.run(Thread.java:1575)
2025-05-03 13:37:16.018 [TestNG-tests-1] ERROR c.s.framework.utils.LoggerUtil - FAIL: Test failed: Cannot locate option with text: Invalid Option
For documentation on this error, please visit: https://www.selenium.dev/documentation/webdriver/troubleshooting/errors#no-such-element-exception
Build info: version: '4.15.0', revision: '1d14b5521b'
System info: os.name: 'Mac OS X', os.arch: 'aarch64', os.version: '14.2.1', java.version: '23.0.2'
Driver info: driver.version: unknown
org.openqa.selenium.NoSuchElementException: Cannot locate option with text: Invalid Option
For documentation on this error, please visit: https://www.selenium.dev/documentation/webdriver/troubleshooting/errors#no-such-element-exception
Build info: version: '4.15.0', revision: '1d14b5521b'
System info: os.name: 'Mac OS X', os.arch: 'aarch64', os.version: '14.2.1', java.version: '23.0.2'
Driver info: driver.version: unknown
	at org.openqa.selenium.support.ui.Select.selectByVisibleText(Select.java:153)
	at com.selenium.framework.utils.WebDriverUtil.selectByVisibleText(WebDriverUtil.java:95)
	at com.selenium.framework.pages.DropdownPage.selectOption(DropdownPage.java:21)
	at com.selenium.framework.tests.DropdownTest.testInvalidDropdownOption(DropdownTest.java:24)
	at java.base/jdk.internal.reflect.DirectMethodHandleAccessor.invoke(DirectMethodHandleAccessor.java:103)
	at java.base/java.lang.reflect.Method.invoke(Method.java:580)
	at org.testng.internal.invokers.MethodInvocationHelper.invokeMethod(MethodInvocationHelper.java:139)
	at org.testng.internal.invokers.TestInvoker.invokeMethod(TestInvoker.java:664)
	at org.testng.internal.invokers.TestInvoker.invokeTestMethod(TestInvoker.java:227)
	at org.testng.internal.invokers.MethodRunner.runInSequence(MethodRunner.java:50)
	at org.testng.internal.invokers.TestInvoker$MethodInvocationAgent.invoke(TestInvoker.java:957)
	at org.testng.internal.invokers.TestInvoker.invokeTestMethods(TestInvoker.java:200)
	at org.testng.internal.invokers.TestMethodWorker.invokeTestMethods(TestMethodWorker.java:148)
	at org.testng.internal.invokers.TestMethodWorker.run(TestMethodWorker.java:128)
	at java.base/java.util.ArrayList.forEach(ArrayList.java:1597)
	at org.testng.TestRunner.privateRun(TestRunner.java:848)
	at org.testng.TestRunner.run(TestRunner.java:621)
	at org.testng.SuiteRunner.runTest(SuiteRunner.java:443)
	at org.testng.SuiteRunner$SuiteWorker.run(SuiteRunner.java:481)
	at org.testng.internal.thread.ThreadUtil.lambda$execute$0(ThreadUtil.java:58)
	at java.base/java.util.concurrent.FutureTask.run(FutureTask.java:317)
	at java.base/java.util.concurrent.ThreadPoolExecutor.runWorker(ThreadPoolExecutor.java:1144)
	at java.base/java.util.concurrent.ThreadPoolExecutor$Worker.run(ThreadPoolExecutor.java:642)
	at java.base/java.lang.Thread.run(Thread.java:1575)
2025-05-03 13:37:16.205 [TestNG-tests-1] INFO  c.s.framework.utils.LoggerUtil - Screenshot captured: Failure Screenshot
2025-05-03 13:37:16.213 [TestNG-tests-1] INFO  c.s.framework.utils.LoggerUtil - Test completed
2025-05-03 13:37:16.298 [TestNG-tests-1] INFO  c.s.framework.utils.LoggerUtil - Test teardown completed
2025-05-03 14:13:03.675 [TestNG-tests-1] INFO  c.s.framework.utils.LoggerUtil - Starting test: LoginTest
2025-05-03 14:13:03.677 [TestNG-tests-1] INFO  c.s.framework.utils.LoggerUtil - Browser: chrome
2025-05-03 14:13:03.677 [TestNG-tests-1] INFO  c.s.framework.utils.LoggerUtil - URL: https://the-internet.herokuapp.com/login
2025-05-03 14:13:03.677 [TestNG-tests-1] INFO  c.s.framework.utils.LoggerUtil - Test setup completed for: LoginTest
2025-05-03 14:13:03.680 [TestNG-tests-1] INFO  c.s.framework.utils.LoggerUtil - Starting login test
2025-05-03 14:13:03.681 [TestNG-tests-1] INFO  c.s.framework.utils.LoggerUtil - Testing invalid login
2025-05-03 14:13:03.829 [TestNG-tests-1] INFO  c.s.framework.utils.LoggerUtil - Entered text 'invalid_user' in element: Username field
2025-05-03 14:13:03.879 [TestNG-tests-1] INFO  c.s.framework.utils.LoggerUtil - Entered text 'invalid_password' in element: Password field
2025-05-03 14:13:03.929 [TestNG-tests-1] INFO  c.s.framework.utils.LoggerUtil - Clicked on element: Submit button
2025-05-03 14:13:04.615 [TestNG-tests-1] INFO  c.s.framework.utils.LoggerUtil - Element is visible: Error message
2025-05-03 14:13:04.616 [TestNG-tests-1] INFO  c.s.framework.utils.LoggerUtil - PASS: Assertion passed: Error message should be visible
2025-05-03 14:13:04.616 [TestNG-tests-1] INFO  c.s.framework.utils.LoggerUtil - Assertion passed: Error message should be visible
2025-05-03 14:13:04.640 [TestNG-tests-1] INFO  c.s.framework.utils.LoggerUtil - Retrieved text 'Your username is invalid!
' from element: Error message
2025-05-03 14:13:04.640 [TestNG-tests-1] INFO  c.s.framework.utils.LoggerUtil - PASS: Assertion passed: Error message should contain expected text
2025-05-03 14:13:04.640 [TestNG-tests-1] INFO  c.s.framework.utils.LoggerUtil - Assertion passed: Error message should contain expected text
2025-05-03 14:13:04.642 [TestNG-tests-1] INFO  c.s.framework.utils.LoggerUtil - PASS: Test passed successfully
2025-05-03 14:13:04.754 [TestNG-tests-1] INFO  c.s.framework.utils.LoggerUtil - Test completed
2025-05-03 14:13:04.837 [TestNG-tests-1] INFO  c.s.framework.utils.LoggerUtil - Test teardown completed
2025-05-03 14:13:09.222 [TestNG-tests-1] INFO  c.s.framework.utils.LoggerUtil - Starting test: LoginTest
2025-05-03 14:13:09.223 [TestNG-tests-1] INFO  c.s.framework.utils.LoggerUtil - Browser: chrome
2025-05-03 14:13:09.223 [TestNG-tests-1] INFO  c.s.framework.utils.LoggerUtil - URL: https://the-internet.herokuapp.com/login
2025-05-03 14:13:09.226 [TestNG-tests-1] INFO  c.s.framework.utils.LoggerUtil - Test setup completed for: LoginTest
2025-05-03 14:13:09.227 [TestNG-tests-1] INFO  c.s.framework.utils.LoggerUtil - Starting login test
2025-05-03 14:13:09.227 [TestNG-tests-1] INFO  c.s.framework.utils.LoggerUtil - Testing successful login
2025-05-03 14:13:09.362 [TestNG-tests-1] INFO  c.s.framework.utils.LoggerUtil - Entered text 'tomsmith' in element: Username field
2025-05-03 14:13:09.416 [TestNG-tests-1] INFO  c.s.framework.utils.LoggerUtil - Entered text 'SuperSecretPassword!' in element: Password field
2025-05-03 14:13:09.472 [TestNG-tests-1] INFO  c.s.framework.utils.LoggerUtil - Clicked on element: Submit button
2025-05-03 14:13:10.185 [TestNG-tests-1] INFO  c.s.framework.utils.LoggerUtil - Element is visible: Success message
2025-05-03 14:13:10.185 [TestNG-tests-1] INFO  c.s.framework.utils.LoggerUtil - PASS: Assertion passed: Success message should be visible
2025-05-03 14:13:10.185 [TestNG-tests-1] INFO  c.s.framework.utils.LoggerUtil - Assertion passed: Success message should be visible
2025-05-03 14:13:10.203 [TestNG-tests-1] INFO  c.s.framework.utils.LoggerUtil - Retrieved text 'You logged into a secure area!
' from element: Success message
2025-05-03 14:13:10.203 [TestNG-tests-1] INFO  c.s.framework.utils.LoggerUtil - PASS: Assertion passed: Success message should contain expected text
2025-05-03 14:13:10.203 [TestNG-tests-1] INFO  c.s.framework.utils.LoggerUtil - Assertion passed: Success message should contain expected text
2025-05-03 14:13:10.204 [TestNG-tests-1] INFO  c.s.framework.utils.LoggerUtil - PASS: Test passed successfully
2025-05-03 14:13:10.212 [TestNG-tests-1] INFO  c.s.framework.utils.LoggerUtil - Test completed
2025-05-03 14:13:10.288 [TestNG-tests-1] INFO  c.s.framework.utils.LoggerUtil - Test teardown completed
2025-05-03 14:13:14.545 [TestNG-tests-1] INFO  c.s.framework.utils.LoggerUtil - Starting test: DropdownTest
2025-05-03 14:13:14.546 [TestNG-tests-1] INFO  c.s.framework.utils.LoggerUtil - Browser: chrome
2025-05-03 14:13:14.547 [TestNG-tests-1] INFO  c.s.framework.utils.LoggerUtil - URL: https://the-internet.herokuapp.com/login
2025-05-03 14:13:14.548 [TestNG-tests-1] INFO  c.s.framework.utils.LoggerUtil - Test setup completed for: DropdownTest
2025-05-03 14:13:14.855 [TestNG-tests-1] INFO  c.s.framework.utils.LoggerUtil - Starting test: Test Invalid Dropdown Option
2025-05-03 14:13:14.856 [TestNG-tests-1] INFO  c.s.framework.utils.LoggerUtil - Attempting to select non-existent option 'Invalid Option'
2025-05-03 14:13:34.961 [TestNG-tests-1] ERROR c.s.framework.utils.LoggerUtil - Failed to select option from dropdown: Dropdown
org.openqa.selenium.NoSuchElementException: Cannot locate option with text: Invalid Option
For documentation on this error, please visit: https://www.selenium.dev/documentation/webdriver/troubleshooting/errors#no-such-element-exception
Build info: version: '4.15.0', revision: '1d14b5521b'
System info: os.name: 'Mac OS X', os.arch: 'aarch64', os.version: '14.2.1', java.version: '23.0.2'
Driver info: driver.version: unknown
	at org.openqa.selenium.support.ui.Select.selectByVisibleText(Select.java:153)
	at com.selenium.framework.utils.WebDriverUtil.selectByVisibleText(WebDriverUtil.java:95)
	at com.selenium.framework.pages.DropdownPage.selectOption(DropdownPage.java:34)
	at com.selenium.framework.tests.DropdownTest.testInvalidDropdownOption(DropdownTest.java:24)
	at java.base/jdk.internal.reflect.DirectMethodHandleAccessor.invoke(DirectMethodHandleAccessor.java:103)
	at java.base/java.lang.reflect.Method.invoke(Method.java:580)
	at org.testng.internal.invokers.MethodInvocationHelper.invokeMethod(MethodInvocationHelper.java:139)
	at org.testng.internal.invokers.TestInvoker.invokeMethod(TestInvoker.java:664)
	at org.testng.internal.invokers.TestInvoker.invokeTestMethod(TestInvoker.java:227)
	at org.testng.internal.invokers.MethodRunner.runInSequence(MethodRunner.java:50)
	at org.testng.internal.invokers.TestInvoker$MethodInvocationAgent.invoke(TestInvoker.java:957)
	at org.testng.internal.invokers.TestInvoker.invokeTestMethods(TestInvoker.java:200)
	at org.testng.internal.invokers.TestMethodWorker.invokeTestMethods(TestMethodWorker.java:148)
	at org.testng.internal.invokers.TestMethodWorker.run(TestMethodWorker.java:128)
	at java.base/java.util.ArrayList.forEach(ArrayList.java:1597)
	at org.testng.TestRunner.privateRun(TestRunner.java:848)
	at org.testng.TestRunner.run(TestRunner.java:621)
	at org.testng.SuiteRunner.runTest(SuiteRunner.java:443)
	at org.testng.SuiteRunner$SuiteWorker.run(SuiteRunner.java:481)
	at org.testng.internal.thread.ThreadUtil.lambda$execute$0(ThreadUtil.java:58)
	at java.base/java.util.concurrent.FutureTask.run(FutureTask.java:317)
	at java.base/java.util.concurrent.ThreadPoolExecutor.runWorker(ThreadPoolExecutor.java:1144)
	at java.base/java.util.concurrent.ThreadPoolExecutor$Worker.run(ThreadPoolExecutor.java:642)
	at java.base/java.lang.Thread.run(Thread.java:1575)
2025-05-03 14:13:34.966 [TestNG-tests-1] ERROR c.s.framework.utils.LoggerUtil - FAIL: Error occurred while testing dropdown
org.openqa.selenium.NoSuchElementException: Cannot locate option with text: Invalid Option
For documentation on this error, please visit: https://www.selenium.dev/documentation/webdriver/troubleshooting/errors#no-such-element-exception
Build info: version: '4.15.0', revision: '1d14b5521b'
System info: os.name: 'Mac OS X', os.arch: 'aarch64', os.version: '14.2.1', java.version: '23.0.2'
Driver info: driver.version: unknown
	at org.openqa.selenium.support.ui.Select.selectByVisibleText(Select.java:153)
	at com.selenium.framework.utils.WebDriverUtil.selectByVisibleText(WebDriverUtil.java:95)
	at com.selenium.framework.pages.DropdownPage.selectOption(DropdownPage.java:34)
	at com.selenium.framework.tests.DropdownTest.testInvalidDropdownOption(DropdownTest.java:24)
	at java.base/jdk.internal.reflect.DirectMethodHandleAccessor.invoke(DirectMethodHandleAccessor.java:103)
	at java.base/java.lang.reflect.Method.invoke(Method.java:580)
	at org.testng.internal.invokers.MethodInvocationHelper.invokeMethod(MethodInvocationHelper.java:139)
	at org.testng.internal.invokers.TestInvoker.invokeMethod(TestInvoker.java:664)
	at org.testng.internal.invokers.TestInvoker.invokeTestMethod(TestInvoker.java:227)
	at org.testng.internal.invokers.MethodRunner.runInSequence(MethodRunner.java:50)
	at org.testng.internal.invokers.TestInvoker$MethodInvocationAgent.invoke(TestInvoker.java:957)
	at org.testng.internal.invokers.TestInvoker.invokeTestMethods(TestInvoker.java:200)
	at org.testng.internal.invokers.TestMethodWorker.invokeTestMethods(TestMethodWorker.java:148)
	at org.testng.internal.invokers.TestMethodWorker.run(TestMethodWorker.java:128)
	at java.base/java.util.ArrayList.forEach(ArrayList.java:1597)
	at org.testng.TestRunner.privateRun(TestRunner.java:848)
	at org.testng.TestRunner.run(TestRunner.java:621)
	at org.testng.SuiteRunner.runTest(SuiteRunner.java:443)
	at org.testng.SuiteRunner$SuiteWorker.run(SuiteRunner.java:481)
	at org.testng.internal.thread.ThreadUtil.lambda$execute$0(ThreadUtil.java:58)
	at java.base/java.util.concurrent.FutureTask.run(FutureTask.java:317)
	at java.base/java.util.concurrent.ThreadPoolExecutor.runWorker(ThreadPoolExecutor.java:1144)
	at java.base/java.util.concurrent.ThreadPoolExecutor$Worker.run(ThreadPoolExecutor.java:642)
	at java.base/java.lang.Thread.run(Thread.java:1575)
2025-05-03 14:13:34.972 [TestNG-tests-1] ERROR c.s.framework.utils.LoggerUtil - FAIL: Test failed: Cannot locate option with text: Invalid Option
For documentation on this error, please visit: https://www.selenium.dev/documentation/webdriver/troubleshooting/errors#no-such-element-exception
Build info: version: '4.15.0', revision: '1d14b5521b'
System info: os.name: 'Mac OS X', os.arch: 'aarch64', os.version: '14.2.1', java.version: '23.0.2'
Driver info: driver.version: unknown
org.openqa.selenium.NoSuchElementException: Cannot locate option with text: Invalid Option
For documentation on this error, please visit: https://www.selenium.dev/documentation/webdriver/troubleshooting/errors#no-such-element-exception
Build info: version: '4.15.0', revision: '1d14b5521b'
System info: os.name: 'Mac OS X', os.arch: 'aarch64', os.version: '14.2.1', java.version: '23.0.2'
Driver info: driver.version: unknown
	at org.openqa.selenium.support.ui.Select.selectByVisibleText(Select.java:153)
	at com.selenium.framework.utils.WebDriverUtil.selectByVisibleText(WebDriverUtil.java:95)
	at com.selenium.framework.pages.DropdownPage.selectOption(DropdownPage.java:34)
	at com.selenium.framework.tests.DropdownTest.testInvalidDropdownOption(DropdownTest.java:24)
	at java.base/jdk.internal.reflect.DirectMethodHandleAccessor.invoke(DirectMethodHandleAccessor.java:103)
	at java.base/java.lang.reflect.Method.invoke(Method.java:580)
	at org.testng.internal.invokers.MethodInvocationHelper.invokeMethod(MethodInvocationHelper.java:139)
	at org.testng.internal.invokers.TestInvoker.invokeMethod(TestInvoker.java:664)
	at org.testng.internal.invokers.TestInvoker.invokeTestMethod(TestInvoker.java:227)
	at org.testng.internal.invokers.MethodRunner.runInSequence(MethodRunner.java:50)
	at org.testng.internal.invokers.TestInvoker$MethodInvocationAgent.invoke(TestInvoker.java:957)
	at org.testng.internal.invokers.TestInvoker.invokeTestMethods(TestInvoker.java:200)
	at org.testng.internal.invokers.TestMethodWorker.invokeTestMethods(TestMethodWorker.java:148)
	at org.testng.internal.invokers.TestMethodWorker.run(TestMethodWorker.java:128)
	at java.base/java.util.ArrayList.forEach(ArrayList.java:1597)
	at org.testng.TestRunner.privateRun(TestRunner.java:848)
	at org.testng.TestRunner.run(TestRunner.java:621)
	at org.testng.SuiteRunner.runTest(SuiteRunner.java:443)
	at org.testng.SuiteRunner$SuiteWorker.run(SuiteRunner.java:481)
	at org.testng.internal.thread.ThreadUtil.lambda$execute$0(ThreadUtil.java:58)
	at java.base/java.util.concurrent.FutureTask.run(FutureTask.java:317)
	at java.base/java.util.concurrent.ThreadPoolExecutor.runWorker(ThreadPoolExecutor.java:1144)
	at java.base/java.util.concurrent.ThreadPoolExecutor$Worker.run(ThreadPoolExecutor.java:642)
	at java.base/java.lang.Thread.run(Thread.java:1575)
2025-05-03 14:13:35.178 [TestNG-tests-1] INFO  c.s.framework.utils.LoggerUtil - Screenshot captured: Failure Screenshot
2025-05-03 14:13:35.186 [TestNG-tests-1] INFO  c.s.framework.utils.LoggerUtil - Test completed
2025-05-03 14:13:35.269 [TestNG-tests-1] INFO  c.s.framework.utils.LoggerUtil - Test teardown completed
2025-05-03 21:59:45.591 [TestNG-tests-1] INFO  c.s.framework.utils.LoggerUtil - Starting test: LoginTest
2025-05-03 21:59:45.592 [TestNG-tests-1] INFO  c.s.framework.utils.LoggerUtil - Browser: chrome
2025-05-03 21:59:45.593 [TestNG-tests-1] INFO  c.s.framework.utils.LoggerUtil - URL: https://the-internet.herokuapp.com/login
2025-05-03 21:59:45.593 [TestNG-tests-1] INFO  c.s.framework.utils.LoggerUtil - Test setup completed for: LoginTest
2025-05-03 21:59:45.596 [TestNG-tests-1] INFO  c.s.framework.utils.LoggerUtil - Starting login test
2025-05-03 21:59:45.597 [TestNG-tests-1] INFO  c.s.framework.utils.LoggerUtil - Testing invalid login
2025-05-03 21:59:45.748 [TestNG-tests-1] INFO  c.s.framework.utils.LoggerUtil - Entered text 'invalid_user' in element: Username field
2025-05-03 21:59:45.803 [TestNG-tests-1] INFO  c.s.framework.utils.LoggerUtil - Entered text 'invalid_password' in element: Password field
2025-05-03 21:59:45.863 [TestNG-tests-1] INFO  c.s.framework.utils.LoggerUtil - Clicked on element: Submit button
2025-05-03 21:59:46.437 [TestNG-tests-1] INFO  c.s.framework.utils.LoggerUtil - Element is visible: Error message
2025-05-03 21:59:46.438 [TestNG-tests-1] INFO  c.s.framework.utils.LoggerUtil - PASS: Assertion passed: Error message should be visible
2025-05-03 21:59:46.439 [TestNG-tests-1] INFO  c.s.framework.utils.LoggerUtil - Assertion passed: Error message should be visible
2025-05-03 21:59:46.458 [TestNG-tests-1] INFO  c.s.framework.utils.LoggerUtil - Retrieved text 'Your username is invalid!
' from element: Error message
2025-05-03 21:59:46.458 [TestNG-tests-1] INFO  c.s.framework.utils.LoggerUtil - PASS: Assertion passed: Error message should contain expected text
2025-05-03 21:59:46.458 [TestNG-tests-1] INFO  c.s.framework.utils.LoggerUtil - Assertion passed: Error message should contain expected text
2025-05-03 21:59:46.460 [TestNG-tests-1] INFO  c.s.framework.utils.LoggerUtil - PASS: Test passed successfully
2025-05-03 21:59:46.573 [TestNG-tests-1] INFO  c.s.framework.utils.LoggerUtil - Test completed
2025-05-03 21:59:46.655 [TestNG-tests-1] INFO  c.s.framework.utils.LoggerUtil - Test teardown completed
2025-05-03 21:59:48.455 [TestNG-tests-1] INFO  c.s.framework.utils.LoggerUtil - Starting test: LoginTest
2025-05-03 21:59:48.457 [TestNG-tests-1] INFO  c.s.framework.utils.LoggerUtil - Browser: chrome
2025-05-03 21:59:48.457 [TestNG-tests-1] INFO  c.s.framework.utils.LoggerUtil - URL: https://the-internet.herokuapp.com/login
2025-05-03 21:59:48.458 [TestNG-tests-1] INFO  c.s.framework.utils.LoggerUtil - Test setup completed for: LoginTest
2025-05-03 21:59:48.459 [TestNG-tests-1] INFO  c.s.framework.utils.LoggerUtil - Starting login test
2025-05-03 21:59:48.459 [TestNG-tests-1] INFO  c.s.framework.utils.LoggerUtil - Testing successful login
2025-05-03 21:59:51.015 [TestNG-tests-1] INFO  c.s.framework.utils.LoggerUtil - Entered text 'tomsmith' in element: Username field
2025-05-03 21:59:51.068 [TestNG-tests-1] INFO  c.s.framework.utils.LoggerUtil - Entered text 'SuperSecretPassword!' in element: Password field
2025-05-03 21:59:51.113 [TestNG-tests-1] INFO  c.s.framework.utils.LoggerUtil - Clicked on element: Submit button
2025-05-03 21:59:51.695 [TestNG-tests-1] INFO  c.s.framework.utils.LoggerUtil - Element is visible: Success message
2025-05-03 21:59:51.695 [TestNG-tests-1] INFO  c.s.framework.utils.LoggerUtil - PASS: Assertion passed: Success message should be visible
2025-05-03 21:59:51.695 [TestNG-tests-1] INFO  c.s.framework.utils.LoggerUtil - Assertion passed: Success message should be visible
2025-05-03 21:59:51.716 [TestNG-tests-1] INFO  c.s.framework.utils.LoggerUtil - Retrieved text 'You logged into a secure area!
' from element: Success message
2025-05-03 21:59:51.716 [TestNG-tests-1] INFO  c.s.framework.utils.LoggerUtil - PASS: Assertion passed: Success message should contain expected text
2025-05-03 21:59:51.716 [TestNG-tests-1] INFO  c.s.framework.utils.LoggerUtil - Assertion passed: Success message should contain expected text
2025-05-03 21:59:51.717 [TestNG-tests-1] INFO  c.s.framework.utils.LoggerUtil - PASS: Test passed successfully
2025-05-03 21:59:51.725 [TestNG-tests-1] INFO  c.s.framework.utils.LoggerUtil - Test completed
2025-05-03 21:59:51.804 [TestNG-tests-1] INFO  c.s.framework.utils.LoggerUtil - Test teardown completed
2025-05-03 21:59:53.801 [TestNG-tests-1] INFO  c.s.framework.utils.LoggerUtil - Starting test: DropdownTest
2025-05-03 21:59:53.801 [TestNG-tests-1] INFO  c.s.framework.utils.LoggerUtil - Browser: chrome
2025-05-03 21:59:53.801 [TestNG-tests-1] INFO  c.s.framework.utils.LoggerUtil - URL: https://the-internet.herokuapp.com/login
2025-05-03 21:59:53.801 [TestNG-tests-1] INFO  c.s.framework.utils.LoggerUtil - Test setup completed for: DropdownTest
2025-05-03 21:59:56.461 [TestNG-tests-1] INFO  c.s.framework.utils.LoggerUtil - Starting test: Test Invalid Dropdown Option
2025-05-03 21:59:56.461 [TestNG-tests-1] INFO  c.s.framework.utils.LoggerUtil - Attempting to select non-existent option 'Invalid Option'
2025-05-03 22:00:16.599 [TestNG-tests-1] ERROR c.s.framework.utils.LoggerUtil - Failed to select option from dropdown: Dropdown
org.openqa.selenium.NoSuchElementException: Cannot locate option with text: Invalid Option
For documentation on this error, please visit: https://www.selenium.dev/documentation/webdriver/troubleshooting/errors#no-such-element-exception
Build info: version: '4.15.0', revision: '1d14b5521b'
System info: os.name: 'Mac OS X', os.arch: 'aarch64', os.version: '14.2.1', java.version: '23.0.2'
Driver info: driver.version: unknown
	at org.openqa.selenium.support.ui.Select.selectByVisibleText(Select.java:153)
	at com.selenium.framework.utils.WebDriverUtil.selectByVisibleText(WebDriverUtil.java:95)
	at com.selenium.framework.pages.DropdownPage.selectOption(DropdownPage.java:34)
	at com.selenium.framework.tests.DropdownTest.testInvalidDropdownOption(DropdownTest.java:24)
	at java.base/jdk.internal.reflect.DirectMethodHandleAccessor.invoke(DirectMethodHandleAccessor.java:103)
	at java.base/java.lang.reflect.Method.invoke(Method.java:580)
	at org.testng.internal.invokers.MethodInvocationHelper.invokeMethod(MethodInvocationHelper.java:139)
	at org.testng.internal.invokers.TestInvoker.invokeMethod(TestInvoker.java:664)
	at org.testng.internal.invokers.TestInvoker.invokeTestMethod(TestInvoker.java:227)
	at org.testng.internal.invokers.MethodRunner.runInSequence(MethodRunner.java:50)
	at org.testng.internal.invokers.TestInvoker$MethodInvocationAgent.invoke(TestInvoker.java:957)
	at org.testng.internal.invokers.TestInvoker.invokeTestMethods(TestInvoker.java:200)
	at org.testng.internal.invokers.TestMethodWorker.invokeTestMethods(TestMethodWorker.java:148)
	at org.testng.internal.invokers.TestMethodWorker.run(TestMethodWorker.java:128)
	at java.base/java.util.ArrayList.forEach(ArrayList.java:1597)
	at org.testng.TestRunner.privateRun(TestRunner.java:848)
	at org.testng.TestRunner.run(TestRunner.java:621)
	at org.testng.SuiteRunner.runTest(SuiteRunner.java:443)
	at org.testng.SuiteRunner$SuiteWorker.run(SuiteRunner.java:481)
	at org.testng.internal.thread.ThreadUtil.lambda$execute$0(ThreadUtil.java:58)
	at java.base/java.util.concurrent.FutureTask.run(FutureTask.java:317)
	at java.base/java.util.concurrent.ThreadPoolExecutor.runWorker(ThreadPoolExecutor.java:1144)
	at java.base/java.util.concurrent.ThreadPoolExecutor$Worker.run(ThreadPoolExecutor.java:642)
	at java.base/java.lang.Thread.run(Thread.java:1575)
2025-05-03 22:00:16.607 [TestNG-tests-1] ERROR c.s.framework.utils.LoggerUtil - FAIL: Error occurred while testing dropdown
org.openqa.selenium.NoSuchElementException: Cannot locate option with text: Invalid Option
For documentation on this error, please visit: https://www.selenium.dev/documentation/webdriver/troubleshooting/errors#no-such-element-exception
Build info: version: '4.15.0', revision: '1d14b5521b'
System info: os.name: 'Mac OS X', os.arch: 'aarch64', os.version: '14.2.1', java.version: '23.0.2'
Driver info: driver.version: unknown
	at org.openqa.selenium.support.ui.Select.selectByVisibleText(Select.java:153)
	at com.selenium.framework.utils.WebDriverUtil.selectByVisibleText(WebDriverUtil.java:95)
	at com.selenium.framework.pages.DropdownPage.selectOption(DropdownPage.java:34)
	at com.selenium.framework.tests.DropdownTest.testInvalidDropdownOption(DropdownTest.java:24)
	at java.base/jdk.internal.reflect.DirectMethodHandleAccessor.invoke(DirectMethodHandleAccessor.java:103)
	at java.base/java.lang.reflect.Method.invoke(Method.java:580)
	at org.testng.internal.invokers.MethodInvocationHelper.invokeMethod(MethodInvocationHelper.java:139)
	at org.testng.internal.invokers.TestInvoker.invokeMethod(TestInvoker.java:664)
	at org.testng.internal.invokers.TestInvoker.invokeTestMethod(TestInvoker.java:227)
	at org.testng.internal.invokers.MethodRunner.runInSequence(MethodRunner.java:50)
	at org.testng.internal.invokers.TestInvoker$MethodInvocationAgent.invoke(TestInvoker.java:957)
	at org.testng.internal.invokers.TestInvoker.invokeTestMethods(TestInvoker.java:200)
	at org.testng.internal.invokers.TestMethodWorker.invokeTestMethods(TestMethodWorker.java:148)
	at org.testng.internal.invokers.TestMethodWorker.run(TestMethodWorker.java:128)
	at java.base/java.util.ArrayList.forEach(ArrayList.java:1597)
	at org.testng.TestRunner.privateRun(TestRunner.java:848)
	at org.testng.TestRunner.run(TestRunner.java:621)
	at org.testng.SuiteRunner.runTest(SuiteRunner.java:443)
	at org.testng.SuiteRunner$SuiteWorker.run(SuiteRunner.java:481)
	at org.testng.internal.thread.ThreadUtil.lambda$execute$0(ThreadUtil.java:58)
	at java.base/java.util.concurrent.FutureTask.run(FutureTask.java:317)
	at java.base/java.util.concurrent.ThreadPoolExecutor.runWorker(ThreadPoolExecutor.java:1144)
	at java.base/java.util.concurrent.ThreadPoolExecutor$Worker.run(ThreadPoolExecutor.java:642)
	at java.base/java.lang.Thread.run(Thread.java:1575)
2025-05-03 22:00:16.613 [TestNG-tests-1] ERROR c.s.framework.utils.LoggerUtil - FAIL: Test failed: Cannot locate option with text: Invalid Option
For documentation on this error, please visit: https://www.selenium.dev/documentation/webdriver/troubleshooting/errors#no-such-element-exception
Build info: version: '4.15.0', revision: '1d14b5521b'
System info: os.name: 'Mac OS X', os.arch: 'aarch64', os.version: '14.2.1', java.version: '23.0.2'
Driver info: driver.version: unknown
org.openqa.selenium.NoSuchElementException: Cannot locate option with text: Invalid Option
For documentation on this error, please visit: https://www.selenium.dev/documentation/webdriver/troubleshooting/errors#no-such-element-exception
Build info: version: '4.15.0', revision: '1d14b5521b'
System info: os.name: 'Mac OS X', os.arch: 'aarch64', os.version: '14.2.1', java.version: '23.0.2'
Driver info: driver.version: unknown
	at org.openqa.selenium.support.ui.Select.selectByVisibleText(Select.java:153)
	at com.selenium.framework.utils.WebDriverUtil.selectByVisibleText(WebDriverUtil.java:95)
	at com.selenium.framework.pages.DropdownPage.selectOption(DropdownPage.java:34)
	at com.selenium.framework.tests.DropdownTest.testInvalidDropdownOption(DropdownTest.java:24)
	at java.base/jdk.internal.reflect.DirectMethodHandleAccessor.invoke(DirectMethodHandleAccessor.java:103)
	at java.base/java.lang.reflect.Method.invoke(Method.java:580)
	at org.testng.internal.invokers.MethodInvocationHelper.invokeMethod(MethodInvocationHelper.java:139)
	at org.testng.internal.invokers.TestInvoker.invokeMethod(TestInvoker.java:664)
	at org.testng.internal.invokers.TestInvoker.invokeTestMethod(TestInvoker.java:227)
	at org.testng.internal.invokers.MethodRunner.runInSequence(MethodRunner.java:50)
	at org.testng.internal.invokers.TestInvoker$MethodInvocationAgent.invoke(TestInvoker.java:957)
	at org.testng.internal.invokers.TestInvoker.invokeTestMethods(TestInvoker.java:200)
	at org.testng.internal.invokers.TestMethodWorker.invokeTestMethods(TestMethodWorker.java:148)
	at org.testng.internal.invokers.TestMethodWorker.run(TestMethodWorker.java:128)
	at java.base/java.util.ArrayList.forEach(ArrayList.java:1597)
	at org.testng.TestRunner.privateRun(TestRunner.java:848)
	at org.testng.TestRunner.run(TestRunner.java:621)
	at org.testng.SuiteRunner.runTest(SuiteRunner.java:443)
	at org.testng.SuiteRunner$SuiteWorker.run(SuiteRunner.java:481)
	at org.testng.internal.thread.ThreadUtil.lambda$execute$0(ThreadUtil.java:58)
	at java.base/java.util.concurrent.FutureTask.run(FutureTask.java:317)
	at java.base/java.util.concurrent.ThreadPoolExecutor.runWorker(ThreadPoolExecutor.java:1144)
	at java.base/java.util.concurrent.ThreadPoolExecutor$Worker.run(ThreadPoolExecutor.java:642)
	at java.base/java.lang.Thread.run(Thread.java:1575)
2025-05-03 22:00:16.798 [TestNG-tests-1] INFO  c.s.framework.utils.LoggerUtil - Screenshot captured: Failure Screenshot
2025-05-03 22:00:16.806 [TestNG-tests-1] INFO  c.s.framework.utils.LoggerUtil - Test completed
2025-05-03 22:00:16.893 [TestNG-tests-1] INFO  c.s.framework.utils.LoggerUtil - Test teardown completed
