<?xml version="1.0" encoding="UTF-8"?>
<testsuite xmlns:xsi="http://www.w3.org/2001/XMLSchema-instance" xsi:noNamespaceSchemaLocation="https://maven.apache.org/surefire/maven-surefire-plugin/xsd/surefire-test-report-3.0.xsd" version="3.0" name="TestSuite" time="27.353" tests="3" errors="0" skipped="0" failures="0">
  <properties>
[...]
</properties>
  <testcase name="testInvalidLogin" classname="com.selenium.framework.tests.LoginTest" time="0.861">
    <system-out><![CDATA[17:40:11.646 [TestNG-tests-1] INFO  c.s.framework.utils.LoggerUtil - Starting test: LoginTest
17:40:11.648 [TestNG-tests-1] INFO  c.s.framework.utils.LoggerUtil - Browser: firefox
17:40:11.648 [TestNG-tests-1] INFO  c.s.framework.utils.LoggerUtil - URL: https://the-internet.herokuapp.com/login
17:40:11.649 [TestNG-tests-1] INFO  c.s.framework.utils.LoggerUtil - Test setup completed for: LoginTest
17:40:11.651 [TestNG-tests-1] INFO  c.s.framework.utils.LoggerUtil - Starting login test
17:40:11.652 [TestNG-tests-1] INFO  c.s.framework.utils.LoggerUtil - Testing invalid login
17:40:11.717 [TestNG-tests-1] INFO  c.s.framework.utils.LoggerUtil - Entered text 'invalid_user' in element: Username field
17:40:11.743 [TestNG-tests-1] INFO  c.s.framework.utils.LoggerUtil - Entered text 'invalid_password' in element: Password field
17:40:12.492 [TestNG-tests-1] INFO  c.s.framework.utils.LoggerUtil - Clicked on element: Submit button
17:40:12.500 [TestNG-tests-1] INFO  c.s.framework.utils.LoggerUtil - Element is visible: Error message
17:40:12.501 [TestNG-tests-1] INFO  c.s.framework.utils.LoggerUtil - PASS: Assertion passed: Error message should be visible
17:40:12.502 [TestNG-tests-1] INFO  c.s.framework.utils.LoggerUtil - Assertion passed: Error message should be visible
17:40:12.515 [TestNG-tests-1] INFO  c.s.framework.utils.LoggerUtil - Retrieved text 'Your username is invalid!
×' from element: Error message
17:40:12.515 [TestNG-tests-1] INFO  c.s.framework.utils.LoggerUtil - PASS: Assertion passed: Error message should contain expected text
17:40:12.515 [TestNG-tests-1] INFO  c.s.framework.utils.LoggerUtil - Assertion passed: Error message should contain expected text
]]></system-out>
  </testcase>
  <testcase name="testSuccessfulLogin" classname="com.selenium.framework.tests.LoginTest" time="0.74">
    <system-out><![CDATA[17:40:12.517 [TestNG-tests-1] INFO  c.s.framework.utils.LoggerUtil - PASS: Test passed successfully
17:40:12.633 [TestNG-tests-1] INFO  c.s.framework.utils.LoggerUtil - Test completed
17:40:13.136 [TestNG-tests-1] INFO  c.s.framework.utils.LoggerUtil - Test teardown completed
17:40:18.945 [TestNG-tests-1] INFO  c.s.framework.utils.LoggerUtil - Starting test: LoginTest
17:40:18.945 [TestNG-tests-1] INFO  c.s.framework.utils.LoggerUtil - Browser: firefox
17:40:18.945 [TestNG-tests-1] INFO  c.s.framework.utils.LoggerUtil - URL: https://the-internet.herokuapp.com/login
17:40:18.945 [TestNG-tests-1] INFO  c.s.framework.utils.LoggerUtil - Test setup completed for: LoginTest
17:40:18.946 [TestNG-tests-1] INFO  c.s.framework.utils.LoggerUtil - Starting login test
17:40:18.947 [TestNG-tests-1] INFO  c.s.framework.utils.LoggerUtil - Testing successful login
17:40:19.002 [TestNG-tests-1] INFO  c.s.framework.utils.LoggerUtil - Entered text 'tomsmith' in element: Username field
17:40:19.027 [TestNG-tests-1] INFO  c.s.framework.utils.LoggerUtil - Entered text 'SuperSecretPassword!' in element: Password field
17:40:19.667 [TestNG-tests-1] INFO  c.s.framework.utils.LoggerUtil - Clicked on element: Submit button
17:40:19.675 [TestNG-tests-1] INFO  c.s.framework.utils.LoggerUtil - Element is visible: Success message
17:40:19.675 [TestNG-tests-1] INFO  c.s.framework.utils.LoggerUtil - PASS: Assertion passed: Success message should be visible
17:40:19.675 [TestNG-tests-1] INFO  c.s.framework.utils.LoggerUtil - Assertion passed: Success message should be visible
17:40:19.685 [TestNG-tests-1] INFO  c.s.framework.utils.LoggerUtil - Retrieved text 'You logged into a secure area!
×' from element: Success message
17:40:19.686 [TestNG-tests-1] INFO  c.s.framework.utils.LoggerUtil - PASS: Assertion passed: Success message should contain expected text
17:40:19.686 [TestNG-tests-1] INFO  c.s.framework.utils.LoggerUtil - Assertion passed: Success message should contain expected text
]]></system-out>
    <system-err><![CDATA[May 04, 2025 5:40:13 PM org.openqa.selenium.os.ExternalProcess$Builder lambda$start$0
WARNING: failed to copy the output of process 71223
java.io.IOException: Stream closed
	at java.base/java.io.BufferedInputStream.ensureOpen(BufferedInputStream.java:206)
	at java.base/java.io.BufferedInputStream.implRead(BufferedInputStream.java:411)
	at java.base/java.io.BufferedInputStream.read(BufferedInputStream.java:405)
	at java.base/java.io.InputStream.transferTo(InputStream.java:796)
	at java.base/java.io.BufferedInputStream.implTransferTo(BufferedInputStream.java:661)
	at java.base/java.io.BufferedInputStream.transferTo(BufferedInputStream.java:637)
	at org.openqa.selenium.os.ExternalProcess$Builder.lambda$start$0(ExternalProcess.java:209)
	at java.base/java.lang.Thread.run(Thread.java:1575)

]]></system-err>
  </testcase>
  <testcase name="testInvalidDropdownOption" classname="com.selenium.framework.tests.DropdownTest" time="0.29">
    <system-out><![CDATA[17:40:19.686 [TestNG-tests-1] INFO  c.s.framework.utils.LoggerUtil - PASS: Test passed successfully
17:40:19.695 [TestNG-tests-1] INFO  c.s.framework.utils.LoggerUtil - Test completed
17:40:20.082 [TestNG-tests-1] INFO  c.s.framework.utils.LoggerUtil - Test teardown completed
17:40:25.716 [TestNG-tests-1] INFO  c.s.framework.utils.LoggerUtil - Starting test: DropdownTest
17:40:25.716 [TestNG-tests-1] INFO  c.s.framework.utils.LoggerUtil - Browser: firefox
17:40:25.717 [TestNG-tests-1] INFO  c.s.framework.utils.LoggerUtil - URL: https://the-internet.herokuapp.com/login
17:40:25.717 [TestNG-tests-1] INFO  c.s.framework.utils.LoggerUtil - Test setup completed for: DropdownTest
17:40:26.049 [TestNG-tests-1] INFO  c.s.framework.utils.LoggerUtil - Starting test: Test Invalid Dropdown Option
17:40:26.049 [TestNG-tests-1] INFO  c.s.framework.utils.LoggerUtil - Attempting to select non-existent option 'Invalid Option'
17:40:26.318 [TestNG-tests-1] INFO  c.s.framework.utils.LoggerUtil - Selected option 'Option 1' from dropdown: Dropdown
17:40:26.318 [TestNG-tests-1] INFO  c.s.framework.utils.LoggerUtil - Verifying selected option
17:40:26.338 [TestNG-tests-1] INFO  c.s.framework.utils.LoggerUtil - Selected option is 'Option 1' from dropdown: Dropdown
17:40:26.338 [TestNG-tests-1] INFO  c.s.framework.utils.LoggerUtil - Selected option: Option 1
17:40:26.338 [TestNG-tests-1] INFO  c.s.framework.utils.LoggerUtil - Verifying selected option is 'valid Option'
17:40:26.338 [TestNG-tests-1] INFO  c.s.framework.utils.LoggerUtil - PASS: Assertion passed: Selected option should contain expected option
17:40:26.338 [TestNG-tests-1] INFO  c.s.framework.utils.LoggerUtil - Assertion passed: Selected option should contain expected option
]]></system-out>
    <system-err><![CDATA[May 04, 2025 5:40:20 PM org.openqa.selenium.os.ExternalProcess$Builder lambda$start$0
WARNING: failed to copy the output of process 71286
java.io.IOException: Stream closed
	at java.base/java.io.BufferedInputStream.ensureOpen(BufferedInputStream.java:206)
	at java.base/java.io.BufferedInputStream.implRead(BufferedInputStream.java:411)
	at java.base/java.io.BufferedInputStream.read(BufferedInputStream.java:405)
	at java.base/java.io.InputStream.transferTo(InputStream.java:796)
	at java.base/java.io.BufferedInputStream.implTransferTo(BufferedInputStream.java:661)
	at java.base/java.io.BufferedInputStream.transferTo(BufferedInputStream.java:637)
	at org.openqa.selenium.os.ExternalProcess$Builder.lambda$start$0(ExternalProcess.java:209)
	at java.base/java.lang.Thread.run(Thread.java:1575)

]]></system-err>
  </testcase>
</testsuite>