<?xml version="1.0" encoding="UTF-8"?>
<testsuite xmlns:xsi="http://www.w3.org/2001/XMLSchema-instance" xsi:noNamespaceSchemaLocation="https://maven.apache.org/surefire/maven-surefire-plugin/xsd/surefire-test-report-3.0.xsd" version="3.0" name="TestSuite" time="41.462" tests="3" errors="0" skipped="0" failures="1">
  <properties>
[...]
</properties>
  <testcase name="testInvalidLogin" classname="com.selenium.framework.tests.LoginTest" time="0.863">
    <system-out><![CDATA[21:59:45.591 [TestNG-tests-1] INFO  c.s.framework.utils.LoggerUtil - Starting test: LoginTest
21:59:45.592 [TestNG-tests-1] INFO  c.s.framework.utils.LoggerUtil - Browser: chrome
21:59:45.593 [TestNG-tests-1] INFO  c.s.framework.utils.LoggerUtil - URL: https://the-internet.herokuapp.com/login
21:59:45.593 [TestNG-tests-1] INFO  c.s.framework.utils.LoggerUtil - Test setup completed for: LoginTest
21:59:45.596 [TestNG-tests-1] INFO  c.s.framework.utils.LoggerUtil - Starting login test
21:59:45.597 [TestNG-tests-1] INFO  c.s.framework.utils.LoggerUtil - Testing invalid login
21:59:45.748 [TestNG-tests-1] INFO  c.s.framework.utils.LoggerUtil - Entered text 'invalid_user' in element: Username field
21:59:45.803 [TestNG-tests-1] INFO  c.s.framework.utils.LoggerUtil - Entered text 'invalid_password' in element: Password field
21:59:45.863 [TestNG-tests-1] INFO  c.s.framework.utils.LoggerUtil - Clicked on element: Submit button
21:59:46.437 [TestNG-tests-1] INFO  c.s.framework.utils.LoggerUtil - Element is visible: Error message
21:59:46.438 [TestNG-tests-1] INFO  c.s.framework.utils.LoggerUtil - PASS: Assertion passed: Error message should be visible
21:59:46.439 [TestNG-tests-1] INFO  c.s.framework.utils.LoggerUtil - Assertion passed: Error message should be visible
21:59:46.458 [TestNG-tests-1] INFO  c.s.framework.utils.LoggerUtil - Retrieved text 'Your username is invalid!
×' from element: Error message
21:59:46.458 [TestNG-tests-1] INFO  c.s.framework.utils.LoggerUtil - PASS: Assertion passed: Error message should contain expected text
21:59:46.458 [TestNG-tests-1] INFO  c.s.framework.utils.LoggerUtil - Assertion passed: Error message should contain expected text
]]></system-out>
    <system-err><![CDATA[May 03, 2025 9:59:42 PM org.openqa.selenium.devtools.CdpVersionFinder findNearestMatch
WARNING: Unable to find CDP implementation matching 135
May 03, 2025 9:59:42 PM org.openqa.selenium.chromium.ChromiumDriver lambda$new$5
WARNING: Unable to find version of CDP to use for 135.0.7049.116. You may need to include a dependency on a specific version of the CDP using something similar to `org.seleniumhq.selenium:selenium-devtools-v86:4.15.0` where the version ("v86") matches the version of the chromium-based browser you're using and the version number of the artifact is the same as Selenium's.
]]></system-err>
  </testcase>
  <testcase name="testSuccessfulLogin" classname="com.selenium.framework.tests.LoginTest" time="3.257">
    <system-out><![CDATA[21:59:46.460 [TestNG-tests-1] INFO  c.s.framework.utils.LoggerUtil - PASS: Test passed successfully
21:59:46.573 [TestNG-tests-1] INFO  c.s.framework.utils.LoggerUtil - Test completed
21:59:46.655 [TestNG-tests-1] INFO  c.s.framework.utils.LoggerUtil - Test teardown completed
21:59:48.455 [TestNG-tests-1] INFO  c.s.framework.utils.LoggerUtil - Starting test: LoginTest
21:59:48.457 [TestNG-tests-1] INFO  c.s.framework.utils.LoggerUtil - Browser: chrome
21:59:48.457 [TestNG-tests-1] INFO  c.s.framework.utils.LoggerUtil - URL: https://the-internet.herokuapp.com/login
21:59:48.458 [TestNG-tests-1] INFO  c.s.framework.utils.LoggerUtil - Test setup completed for: LoginTest
21:59:48.459 [TestNG-tests-1] INFO  c.s.framework.utils.LoggerUtil - Starting login test
21:59:48.459 [TestNG-tests-1] INFO  c.s.framework.utils.LoggerUtil - Testing successful login
21:59:51.015 [TestNG-tests-1] INFO  c.s.framework.utils.LoggerUtil - Entered text 'tomsmith' in element: Username field
21:59:51.068 [TestNG-tests-1] INFO  c.s.framework.utils.LoggerUtil - Entered text 'SuperSecretPassword!' in element: Password field
21:59:51.113 [TestNG-tests-1] INFO  c.s.framework.utils.LoggerUtil - Clicked on element: Submit button
21:59:51.695 [TestNG-tests-1] INFO  c.s.framework.utils.LoggerUtil - Element is visible: Success message
21:59:51.695 [TestNG-tests-1] INFO  c.s.framework.utils.LoggerUtil - PASS: Assertion passed: Success message should be visible
21:59:51.695 [TestNG-tests-1] INFO  c.s.framework.utils.LoggerUtil - Assertion passed: Success message should be visible
21:59:51.716 [TestNG-tests-1] INFO  c.s.framework.utils.LoggerUtil - Retrieved text 'You logged into a secure area!
×' from element: Success message
21:59:51.716 [TestNG-tests-1] INFO  c.s.framework.utils.LoggerUtil - PASS: Assertion passed: Success message should contain expected text
21:59:51.716 [TestNG-tests-1] INFO  c.s.framework.utils.LoggerUtil - Assertion passed: Success message should contain expected text
]]></system-out>
    <system-err><![CDATA[May 03, 2025 9:59:47 PM org.openqa.selenium.devtools.CdpVersionFinder findNearestMatch
WARNING: Unable to find CDP implementation matching 135
May 03, 2025 9:59:47 PM org.openqa.selenium.chromium.ChromiumDriver lambda$new$5
WARNING: Unable to find version of CDP to use for 135.0.7049.116. You may need to include a dependency on a specific version of the CDP using something similar to `org.seleniumhq.selenium:selenium-devtools-v86:4.15.0` where the version ("v86") matches the version of the chromium-based browser you're using and the version number of the artifact is the same as Selenium's.
]]></system-err>
  </testcase>
  <testcase name="testInvalidDropdownOption" classname="com.selenium.framework.tests.DropdownTest" time="20.152">
    <failure message="Cannot locate option with text: Invalid Option&#10;For documentation on this error, please visit: https://www.selenium.dev/documentation/webdriver/troubleshooting/errors#no-such-element-exception&#10;Build info: version: &apos;4.15.0&apos;, revision: &apos;1d14b5521b&apos;&#10;System info: os.name: &apos;Mac OS X&apos;, os.arch: &apos;aarch64&apos;, os.version: &apos;14.2.1&apos;, java.version: &apos;23.0.2&apos;&#10;Driver info: driver.version: unknown" type="org.openqa.selenium.NoSuchElementException"><![CDATA[org.openqa.selenium.NoSuchElementException: 
Cannot locate option with text: Invalid Option
For documentation on this error, please visit: https://www.selenium.dev/documentation/webdriver/troubleshooting/errors#no-such-element-exception
Build info: version: '4.15.0', revision: '1d14b5521b'
System info: os.name: 'Mac OS X', os.arch: 'aarch64', os.version: '14.2.1', java.version: '23.0.2'
Driver info: driver.version: unknown
	at org.openqa.selenium.support.ui.Select.selectByVisibleText(Select.java:153)
	at com.selenium.framework.utils.WebDriverUtil.selectByVisibleText(WebDriverUtil.java:95)
	at com.selenium.framework.pages.DropdownPage.selectOption(DropdownPage.java:34)
	at com.selenium.framework.tests.DropdownTest.testInvalidDropdownOption(DropdownTest.java:24)
	at java.base/jdk.internal.reflect.DirectMethodHandleAccessor.invoke(DirectMethodHandleAccessor.java:103)
	at java.base/java.lang.reflect.Method.invoke(Method.java:580)
	at org.testng.internal.invokers.MethodInvocationHelper.invokeMethod(MethodInvocationHelper.java:139)
	at org.testng.internal.invokers.TestInvoker.invokeMethod(TestInvoker.java:664)
	at org.testng.internal.invokers.TestInvoker.invokeTestMethod(TestInvoker.java:227)
	at org.testng.internal.invokers.MethodRunner.runInSequence(MethodRunner.java:50)
	at org.testng.internal.invokers.TestInvoker$MethodInvocationAgent.invoke(TestInvoker.java:957)
	at org.testng.internal.invokers.TestInvoker.invokeTestMethods(TestInvoker.java:200)
	at org.testng.internal.invokers.TestMethodWorker.invokeTestMethods(TestMethodWorker.java:148)
	at org.testng.internal.invokers.TestMethodWorker.run(TestMethodWorker.java:128)
	at java.base/java.util.ArrayList.forEach(ArrayList.java:1597)
	at org.testng.TestRunner.privateRun(TestRunner.java:848)
	at org.testng.TestRunner.run(TestRunner.java:621)
	at org.testng.SuiteRunner.runTest(SuiteRunner.java:443)
	at org.testng.SuiteRunner$SuiteWorker.run(SuiteRunner.java:481)
	at org.testng.internal.thread.ThreadUtil.lambda$execute$0(ThreadUtil.java:58)
	at java.base/java.util.concurrent.FutureTask.run(FutureTask.java:317)
	at java.base/java.util.concurrent.ThreadPoolExecutor.runWorker(ThreadPoolExecutor.java:1144)
	at java.base/java.util.concurrent.ThreadPoolExecutor$Worker.run(ThreadPoolExecutor.java:642)
	at java.base/java.lang.Thread.run(Thread.java:1575)
]]></failure>
    <system-out><![CDATA[21:59:51.717 [TestNG-tests-1] INFO  c.s.framework.utils.LoggerUtil - PASS: Test passed successfully
21:59:51.725 [TestNG-tests-1] INFO  c.s.framework.utils.LoggerUtil - Test completed
21:59:51.804 [TestNG-tests-1] INFO  c.s.framework.utils.LoggerUtil - Test teardown completed
21:59:53.801 [TestNG-tests-1] INFO  c.s.framework.utils.LoggerUtil - Starting test: DropdownTest
21:59:53.801 [TestNG-tests-1] INFO  c.s.framework.utils.LoggerUtil - Browser: chrome
21:59:53.801 [TestNG-tests-1] INFO  c.s.framework.utils.LoggerUtil - URL: https://the-internet.herokuapp.com/login
21:59:53.801 [TestNG-tests-1] INFO  c.s.framework.utils.LoggerUtil - Test setup completed for: DropdownTest
21:59:56.461 [TestNG-tests-1] INFO  c.s.framework.utils.LoggerUtil - Starting test: Test Invalid Dropdown Option
21:59:56.461 [TestNG-tests-1] INFO  c.s.framework.utils.LoggerUtil - Attempting to select non-existent option 'Invalid Option'
22:00:16.599 [TestNG-tests-1] ERROR c.s.framework.utils.LoggerUtil - Failed to select option from dropdown: Dropdown
org.openqa.selenium.NoSuchElementException: Cannot locate option with text: Invalid Option
For documentation on this error, please visit: https://www.selenium.dev/documentation/webdriver/troubleshooting/errors#no-such-element-exception
Build info: version: '4.15.0', revision: '1d14b5521b'
System info: os.name: 'Mac OS X', os.arch: 'aarch64', os.version: '14.2.1', java.version: '23.0.2'
Driver info: driver.version: unknown
	at org.openqa.selenium.support.ui.Select.selectByVisibleText(Select.java:153)
	at com.selenium.framework.utils.WebDriverUtil.selectByVisibleText(WebDriverUtil.java:95)
	at com.selenium.framework.pages.DropdownPage.selectOption(DropdownPage.java:34)
	at com.selenium.framework.tests.DropdownTest.testInvalidDropdownOption(DropdownTest.java:24)
	at java.base/jdk.internal.reflect.DirectMethodHandleAccessor.invoke(DirectMethodHandleAccessor.java:103)
	at java.base/java.lang.reflect.Method.invoke(Method.java:580)
	at org.testng.internal.invokers.MethodInvocationHelper.invokeMethod(MethodInvocationHelper.java:139)
	at org.testng.internal.invokers.TestInvoker.invokeMethod(TestInvoker.java:664)
	at org.testng.internal.invokers.TestInvoker.invokeTestMethod(TestInvoker.java:227)
	at org.testng.internal.invokers.MethodRunner.runInSequence(MethodRunner.java:50)
	at org.testng.internal.invokers.TestInvoker$MethodInvocationAgent.invoke(TestInvoker.java:957)
	at org.testng.internal.invokers.TestInvoker.invokeTestMethods(TestInvoker.java:200)
	at org.testng.internal.invokers.TestMethodWorker.invokeTestMethods(TestMethodWorker.java:148)
	at org.testng.internal.invokers.TestMethodWorker.run(TestMethodWorker.java:128)
	at java.base/java.util.ArrayList.forEach(ArrayList.java:1597)
	at org.testng.TestRunner.privateRun(TestRunner.java:848)
	at org.testng.TestRunner.run(TestRunner.java:621)
	at org.testng.SuiteRunner.runTest(SuiteRunner.java:443)
	at org.testng.SuiteRunner$SuiteWorker.run(SuiteRunner.java:481)
	at org.testng.internal.thread.ThreadUtil.lambda$execute$0(ThreadUtil.java:58)
	at java.base/java.util.concurrent.FutureTask.run(FutureTask.java:317)
	at java.base/java.util.concurrent.ThreadPoolExecutor.runWorker(ThreadPoolExecutor.java:1144)
	at java.base/java.util.concurrent.ThreadPoolExecutor$Worker.run(ThreadPoolExecutor.java:642)
	at java.base/java.lang.Thread.run(Thread.java:1575)
22:00:16.607 [TestNG-tests-1] ERROR c.s.framework.utils.LoggerUtil - FAIL: Error occurred while testing dropdown
org.openqa.selenium.NoSuchElementException: Cannot locate option with text: Invalid Option
For documentation on this error, please visit: https://www.selenium.dev/documentation/webdriver/troubleshooting/errors#no-such-element-exception
Build info: version: '4.15.0', revision: '1d14b5521b'
System info: os.name: 'Mac OS X', os.arch: 'aarch64', os.version: '14.2.1', java.version: '23.0.2'
Driver info: driver.version: unknown
	at org.openqa.selenium.support.ui.Select.selectByVisibleText(Select.java:153)
	at com.selenium.framework.utils.WebDriverUtil.selectByVisibleText(WebDriverUtil.java:95)
	at com.selenium.framework.pages.DropdownPage.selectOption(DropdownPage.java:34)
	at com.selenium.framework.tests.DropdownTest.testInvalidDropdownOption(DropdownTest.java:24)
	at java.base/jdk.internal.reflect.DirectMethodHandleAccessor.invoke(DirectMethodHandleAccessor.java:103)
	at java.base/java.lang.reflect.Method.invoke(Method.java:580)
	at org.testng.internal.invokers.MethodInvocationHelper.invokeMethod(MethodInvocationHelper.java:139)
	at org.testng.internal.invokers.TestInvoker.invokeMethod(TestInvoker.java:664)
	at org.testng.internal.invokers.TestInvoker.invokeTestMethod(TestInvoker.java:227)
	at org.testng.internal.invokers.MethodRunner.runInSequence(MethodRunner.java:50)
	at org.testng.internal.invokers.TestInvoker$MethodInvocationAgent.invoke(TestInvoker.java:957)
	at org.testng.internal.invokers.TestInvoker.invokeTestMethods(TestInvoker.java:200)
	at org.testng.internal.invokers.TestMethodWorker.invokeTestMethods(TestMethodWorker.java:148)
	at org.testng.internal.invokers.TestMethodWorker.run(TestMethodWorker.java:128)
	at java.base/java.util.ArrayList.forEach(ArrayList.java:1597)
	at org.testng.TestRunner.privateRun(TestRunner.java:848)
	at org.testng.TestRunner.run(TestRunner.java:621)
	at org.testng.SuiteRunner.runTest(SuiteRunner.java:443)
	at org.testng.SuiteRunner$SuiteWorker.run(SuiteRunner.java:481)
	at org.testng.internal.thread.ThreadUtil.lambda$execute$0(ThreadUtil.java:58)
	at java.base/java.util.concurrent.FutureTask.run(FutureTask.java:317)
	at java.base/java.util.concurrent.ThreadPoolExecutor.runWorker(ThreadPoolExecutor.java:1144)
	at java.base/java.util.concurrent.ThreadPoolExecutor$Worker.run(ThreadPoolExecutor.java:642)
	at java.base/java.lang.Thread.run(Thread.java:1575)
]]></system-out>
    <system-err><![CDATA[May 03, 2025 9:59:52 PM org.openqa.selenium.devtools.CdpVersionFinder findNearestMatch
WARNING: Unable to find CDP implementation matching 135
May 03, 2025 9:59:52 PM org.openqa.selenium.chromium.ChromiumDriver lambda$new$5
WARNING: Unable to find version of CDP to use for 135.0.7049.116. You may need to include a dependency on a specific version of the CDP using something similar to `org.seleniumhq.selenium:selenium-devtools-v86:4.15.0` where the version ("v86") matches the version of the chromium-based browser you're using and the version number of the artifact is the same as Selenium's.
]]></system-err>
  </testcase>
</testsuite>