<?xml version="1.0" encoding="UTF-8"?>
<testng-results ignored="0" total="3" passed="3" failed="0" skipped="0">
  <reporter-output>
  </reporter-output>
  <suite started-at="2025-05-04T17:40:04 GMT+08:00" name="Selenium Framework Test Suite" finished-at="2025-05-04T17:40:26 GMT+08:00" duration-ms="21986">
    <groups>
    </groups>
    <test started-at="2025-05-04T17:40:04 GMT+08:00" name="Login and Dropdown Tests" finished-at="2025-05-04T17:40:26 GMT+08:00" duration-ms="21986">
      <class name="com.selenium.framework.tests.LoginTest">
        <test-method is-config="true" signature="setup(boolean)[pri:0, instance:com.selenium.framework.tests.LoginTest@33ecda92]" started-at="2025-05-04T17:40:04 GMT+08:00" name="setup" finished-at="2025-05-04T17:40:11 GMT+08:00" duration-ms="6886" status="PASS">
          <params>
            <param index="0">
              <value>
                <![CDATA[false]]>
              </value>
            </param>
          </params>
          <reporter-output>
          </reporter-output>
        </test-method> <!-- setup -->
        <test-method is-config="true" signature="setup()[pri:0, instance:com.selenium.framework.tests.LoginTest@33ecda92]" started-at="2025-05-04T17:40:11 GMT+08:00" name="setup" finished-at="2025-05-04T17:40:11 GMT+08:00" duration-ms="2" status="PASS">
          <reporter-output>
          </reporter-output>
        </test-method> <!-- setup -->
        <test-method signature="testInvalidLogin()[pri:0, instance:com.selenium.framework.tests.LoginTest@33ecda92]" started-at="2025-05-04T17:40:11 GMT+08:00" name="testInvalidLogin" finished-at="2025-05-04T17:40:12 GMT+08:00" duration-ms="863" status="PASS">
          <reporter-output>
          </reporter-output>
        </test-method> <!-- testInvalidLogin -->
        <test-method is-config="true" signature="tearDown(org.testng.ITestResult)[pri:0, instance:com.selenium.framework.tests.LoginTest@33ecda92]" started-at="2025-05-04T17:40:12 GMT+08:00" name="tearDown" finished-at="2025-05-04T17:40:13 GMT+08:00" duration-ms="620" status="PASS">
          <params>
            <param index="0">
              <value>
                <![CDATA[[TestResult name=testInvalidLogin status=SUCCESS method=LoginTest.testInvalidLogin()[pri:0, instance:com.selenium.framework.tests.LoginTest@33ecda92] output={null}]]]>
              </value>
            </param>
          </params>
          <reporter-output>
          </reporter-output>
        </test-method> <!-- tearDown -->
        <test-method is-config="true" signature="setup(boolean)[pri:0, instance:com.selenium.framework.tests.LoginTest@33ecda92]" started-at="2025-05-04T17:40:13 GMT+08:00" name="setup" finished-at="2025-05-04T17:40:18 GMT+08:00" duration-ms="5808" status="PASS">
          <params>
            <param index="0">
              <value>
                <![CDATA[false]]>
              </value>
            </param>
          </params>
          <reporter-output>
          </reporter-output>
        </test-method> <!-- setup -->
        <test-method is-config="true" signature="setup()[pri:0, instance:com.selenium.framework.tests.LoginTest@33ecda92]" started-at="2025-05-04T17:40:18 GMT+08:00" name="setup" finished-at="2025-05-04T17:40:18 GMT+08:00" duration-ms="0" status="PASS">
          <reporter-output>
          </reporter-output>
        </test-method> <!-- setup -->
        <test-method signature="testSuccessfulLogin()[pri:0, instance:com.selenium.framework.tests.LoginTest@33ecda92]" started-at="2025-05-04T17:40:18 GMT+08:00" name="testSuccessfulLogin" finished-at="2025-05-04T17:40:19 GMT+08:00" duration-ms="739" status="PASS">
          <reporter-output>
          </reporter-output>
        </test-method> <!-- testSuccessfulLogin -->
        <test-method is-config="true" signature="tearDown(org.testng.ITestResult)[pri:0, instance:com.selenium.framework.tests.LoginTest@33ecda92]" started-at="2025-05-04T17:40:19 GMT+08:00" name="tearDown" finished-at="2025-05-04T17:40:20 GMT+08:00" duration-ms="397" status="PASS">
          <params>
            <param index="0">
              <value>
                <![CDATA[[TestResult name=testSuccessfulLogin status=SUCCESS method=LoginTest.testSuccessfulLogin()[pri:0, instance:com.selenium.framework.tests.LoginTest@33ecda92] output={null}]]]>
              </value>
            </param>
          </params>
          <reporter-output>
          </reporter-output>
        </test-method> <!-- tearDown -->
      </class> <!-- com.selenium.framework.tests.LoginTest -->
      <class name="com.selenium.framework.tests.DropdownTest">
        <test-method is-config="true" signature="setup(boolean)[pri:0, instance:com.selenium.framework.tests.DropdownTest@66ea810]" started-at="2025-05-04T17:40:20 GMT+08:00" name="setup" finished-at="2025-05-04T17:40:25 GMT+08:00" duration-ms="5634" status="PASS">
          <params>
            <param index="0">
              <value>
                <![CDATA[false]]>
              </value>
            </param>
          </params>
          <reporter-output>
          </reporter-output>
        </test-method> <!-- setup -->
        <test-method is-config="true" signature="setup()[pri:0, instance:com.selenium.framework.tests.DropdownTest@66ea810]" started-at="2025-05-04T17:40:25 GMT+08:00" name="setup" finished-at="2025-05-04T17:40:26 GMT+08:00" duration-ms="331" status="PASS">
          <reporter-output>
          </reporter-output>
        </test-method> <!-- setup -->
        <test-method signature="testInvalidDropdownOption()[pri:0, instance:com.selenium.framework.tests.DropdownTest@66ea810]" started-at="2025-05-04T17:40:26 GMT+08:00" name="testInvalidDropdownOption" finished-at="2025-05-04T17:40:26 GMT+08:00" duration-ms="289" status="PASS">
          <reporter-output>
          </reporter-output>
        </test-method> <!-- testInvalidDropdownOption -->
        <test-method is-config="true" signature="tearDown(org.testng.ITestResult)[pri:0, instance:com.selenium.framework.tests.DropdownTest@66ea810]" started-at="2025-05-04T17:40:26 GMT+08:00" name="tearDown" finished-at="2025-05-04T17:40:26 GMT+08:00" duration-ms="401" status="PASS">
          <params>
            <param index="0">
              <value>
                <![CDATA[[TestResult name=testInvalidDropdownOption status=SUCCESS method=DropdownTest.testInvalidDropdownOption()[pri:0, instance:com.selenium.framework.tests.DropdownTest@66ea810] output={null}]]]>
              </value>
            </param>
          </params>
          <reporter-output>
          </reporter-output>
        </test-method> <!-- tearDown -->
      </class> <!-- com.selenium.framework.tests.DropdownTest -->
    </test> <!-- Login and Dropdown Tests -->
  </suite> <!-- Selenium Framework Test Suite -->
</testng-results>
